<?xml version="1.0" encoding="utf-8" standalone="no"?>
<test-run id="2" testcasecount="829" result="Failed" total="4" passed="2" failed="2" inconclusive="0" skipped="0" asserts="7" engine-version="3.0.5813.39036" clr-version="4.0.30319.42000" start-time="2016-03-01 12:50:00Z" end-time="2016-03-01 12:54:07Z" duration="247.315633">
  <command-line><![CDATA[SeleniumTest\packages\NUnit.Console.3.0.1\tools\nunit3-console.exe  SeleniumTest\SeleniumTest\bin\Debug\SeleniumTest.dll --where "cat = Smoke" --workers 4 --work test-output --result:NUnit3TestResult.xml;format=nunit3]]></command-line>
  <filter>
    <cat>Smoke</cat>
  </filter>
  <test-suite type="Assembly" id="0-2157" name="SeleniumTest.dll" fullname="d:\git\ja-automation\SeleniumTest\SeleniumTest\bin\Debug\SeleniumTest.dll" runstate="Runnable" testcasecount="829" result="Failed" site="Child" start-time="2016-03-01 12:50:00Z" end-time="2016-03-01 12:54:07Z" duration="247.119021" total="4" passed="2" failed="2" inconclusive="0" skipped="0" asserts="7">
    <environment framework-version="3.0.5813.39032" clr-version="4.0.30319.42000" os-version="Microsoft Windows NT 6.1.7601 Service Pack 1" platform="Win32NT" cwd="d:\git\ja-automation" machine-name="PC-134" user="ivan.mihaylovskyy" user-domain="JUSTANSWER" culture="en-US" uiculture="en-US" os-architecture="x64" />
    <settings>
      <setting name="WorkDirectory" value="test-output" />
      <setting name="NumberOfTestWorkers" value="4" />
    </settings>
    <properties>
      <property name="ParallelScope" value="Fixtures" />
      <property name="_PID" value="17576" />
      <property name="_APPDOMAIN" value="test-domain-" />
    </properties>
    <failure>
      <message><![CDATA[One or more child tests had errors]]></message>
    </failure>
    <test-suite type="TestSuite" id="0-2158" name="SeleniumTest" fullname="SeleniumTest" runstate="Runnable" testcasecount="829" result="Failed" site="Child" start-time="2016-03-01 12:50:00Z" end-time="2016-03-01 12:54:07Z" duration="247.106523" total="4" passed="2" failed="2" inconclusive="0" skipped="0" asserts="7">
      <properties />
      <failure>
        <message><![CDATA[One or more child tests had errors]]></message>
      </failure>
      <test-suite type="TestSuite" id="0-2179" name="Highlander" fullname="SeleniumTest.Highlander" runstate="Runnable" testcasecount="206" result="Failed" site="Child" start-time="2016-03-01 12:50:00Z" end-time="2016-03-01 12:54:07Z" duration="247.105924" total="4" passed="2" failed="2" inconclusive="0" skipped="0" asserts="7">
        <properties />
        <failure>
          <message><![CDATA[One or more child tests had errors]]></message>
        </failure>
        <test-suite type="TestSuite" id="0-2180" name="Tests" fullname="SeleniumTest.Highlander.Tests" runstate="Runnable" testcasecount="206" result="Failed" site="Child" start-time="2016-03-01 12:50:00Z" end-time="2016-03-01 12:54:07Z" duration="247.105903" total="4" passed="2" failed="2" inconclusive="0" skipped="0" asserts="7">
          <properties />
          <failure>
            <message><![CDATA[One or more child tests had errors]]></message>
          </failure>
          <test-suite type="TestSuite" id="0-2192" name="Funnel" fullname="SeleniumTest.Highlander.Tests.Funnel" runstate="Runnable" testcasecount="3" result="Failed" site="Child" start-time="2016-03-01 12:50:00Z" end-time="2016-03-01 12:51:19Z" duration="79.107552" total="1" passed="0" failed="1" inconclusive="0" skipped="0" asserts="1">
            <properties />
            <failure>
              <message><![CDATA[One or more child tests had errors]]></message>
            </failure>
            <test-suite type="TestFixture" id="0-1969" name="GuestFunnelTests" fullname="SeleniumTest.Highlander.Tests.Funnel.GuestFunnelTests" classname="SeleniumTest.Highlander.Tests.Funnel.GuestFunnelTests" runstate="Runnable" testcasecount="3" result="Failed" site="Child" start-time="2016-03-01 12:50:00Z" end-time="2016-03-01 12:51:19Z" duration="79.104978" total="1" passed="0" failed="1" inconclusive="0" skipped="0" asserts="1">
              <properties>
                <property name="Category" value="HLSanityInternationalFunnel" />
              </properties>
              <failure>
                <message><![CDATA[One or more child tests had errors]]></message>
              </failure>
              <output><![CDATA[Worker#1: SeleniumTest.Common.Databases.UserAccountFactory - creating expert account 
Worker#1: SeleniumTest.Common.Databases.UserAccountFactory - creating expert account 
Worker#1: SeleniumTest.Common.Databases.UserAccountFactory - creating profile: iAtFTZyliD/pearl 
Worker#1: SeleniumTest.Common.Databases.UserAccountFactory - creating profile: iAtFTZyliD/pearl 
Worker#1: SeleniumTest.Common.Databases.UserAccountFactory - assign categories: [50583,50664,50674,51002,52015,54753,54920,55490,56515,56528,59191,59378,59480,59780,60133,60248,61752,63390,64066,65709,65710,65711,66692,66788,66789,66790,67395,67534,67853,70843] 
Worker#1: SeleniumTest.Common.Databases.UserAccountFactory - assign categories: [50583,50664,50674,51002,52015,54753,54920,55490,56515,56528,59191,59378,59480,59780,60133,60248,61752,63390,64066,65709,65710,65711,66692,66788,66789,66790,67395,67534,67853,70843] 
Worker#1: SeleniumTest.Common.Databases.UserAccountFactory - assign user classes: [EXPERT,PqlProfessional] 
Worker#1: SeleniumTest.Common.Databases.UserAccountFactory - assign user classes: [EXPERT,PqlProfessional] 
Worker#1: SeleniumTest.Common.Databases.UserAccountFactory - accept policy notifications: [2,3] 
Worker#1: SeleniumTest.Common.Databases.UserAccountFactory - accept policy notifications: [2,3] 
Worker#1: SeleniumTest.Common.Databases.UserAccountFactory - creating admin account 
Worker#1: SeleniumTest.Common.Databases.UserAccountFactory - creating admin account 
Worker#1: SeleniumTest.Common.Databases.UserAccountFactory - creating profile: GhPSMOKCjk/pearl 
Worker#1: SeleniumTest.Common.Databases.UserAccountFactory - creating profile: GhPSMOKCjk/pearl 
Worker#1: SeleniumTest.Common.Databases.UserAccountFactory - assign user classes: [ADMIN,Admin-Eng,Admin-Prod,Admin-QA,ContentAdministrators,EditQuestionMetaData] 
Worker#1: SeleniumTest.Common.Databases.UserAccountFactory - assign user classes: [ADMIN,Admin-Eng,Admin-Prod,Admin-QA,ContentAdministrators,EditQuestionMetaData] 
Worker#1: SeleniumTest.Highlander.Tests.Funnel.GuestFunnelTests - invoking FixtureSetUp method... 
Worker#1: SeleniumTest.Highlander.Tests.Funnel.GuestFunnelTests - invoking FixtureSetUp method... 
Worker#1: SeleniumTest.Highlander.Tests.Funnel.GuestFunnelTests - invoking FixtureTearDown method... 
Worker#1: SeleniumTest.Highlander.Tests.Funnel.GuestFunnelTests - invoking FixtureTearDown method... 
Worker#1: SeleniumTest.Common.Scopes.ScopedRegistry`1[[SeleniumTest.Common.Browsers.AbstractBrowser, SeleniumTest, Version=1.0.0.0, Culture=neutral, PublicKeyToken=null]] - Disposing 3 instances of AbstractBrowser 
Worker#1: SeleniumTest.Common.Scopes.ScopedRegistry`1[[SeleniumTest.Common.Browsers.AbstractBrowser, SeleniumTest, Version=1.0.0.0, Culture=neutral, PublicKeyToken=null]] - Disposing 3 instances of AbstractBrowser 
]]></output>
              <test-case id="0-1970" name="ShouldProceedWithFunnelFromHomePage" fullname="SeleniumTest.Highlander.Tests.Funnel.GuestFunnelTests.ShouldProceedWithFunnelFromHomePage" methodname="ShouldProceedWithFunnelFromHomePage" classname="SeleniumTest.Highlander.Tests.Funnel.GuestFunnelTests" runstate="Runnable" seed="206426854" result="Failed" start-time="2016-03-01 12:50:20Z" end-time="2016-03-01 12:51:19Z" duration="59.446247" asserts="1">
                <properties>
                  <property name="Category" value="Smoke" />
                </properties>
                <failure>
                  <message><![CDATA[  Expected: WaitingRoomPageProxy wrapping [OpenQA.Selenium.Support.Events.EventFiringWebDriver] to be loaded after 10000 millisecond delay
  But was:  <WaitingRoomPageProxy wrapping [OpenQA.Selenium.Support.Events.EventFiringWebDriver]>
]]></message>
                  <stack-trace><![CDATA[at NUnit.Framework.AssertionHelper.Expect[TActual](TActual actual, IResolveConstraint expression)
at SeleniumTest.Highlander.Tests.Funnel.GuestFunnelTests.ShouldProceedWithFunnelFromHomePage() in D:\git\ja-automation\SeleniumTest\SeleniumTest\Highlander\Tests\Funnel\GuestFunnelTests.cs:line 31
]]></stack-trace>
                </failure>
                <output><![CDATA[Worker#1: SeleniumTest.Highlander.Tests.Funnel.GuestFunnelTests - invoking SetUp method... 
Worker#1: SeleniumTest.Highlander.Tests.Funnel.GuestFunnelTests - invoking SetUp method... 
Worker#1: SeleniumTest.Common.Databases.UserAccountFactory - creating profile: iAYNHniTSW/pearl 
Worker#1: SeleniumTest.Common.Databases.UserAccountFactory - creating profile: iAYNHniTSW/pearl 
Worker#1: SeleniumTest.Highlander.Flows.CreditCardFunnel - working with [OptionalDetailsPageProxy wrapping [OpenQA.Selenium.Support.Events.EventFiringWebDriver]] 
Worker#1: SeleniumTest.Highlander.Flows.CreditCardFunnel - working with [OptionalDetailsPageProxy wrapping [OpenQA.Selenium.Support.Events.EventFiringWebDriver]] 
Worker#1: SeleniumTest.Highlander.Flows.CreditCardFunnel - working with [PricingPageProxy wrapping [OpenQA.Selenium.Support.Events.EventFiringWebDriver]] 
Worker#1: SeleniumTest.Highlander.Flows.CreditCardFunnel - working with [PricingPageProxy wrapping [OpenQA.Selenium.Support.Events.EventFiringWebDriver]] 
Worker#1: SeleniumTest.Highlander.Flows.CreditCardFunnel - working with [PaymentPageProxy wrapping [OpenQA.Selenium.Support.Events.EventFiringWebDriver]] 
Worker#1: SeleniumTest.Highlander.Flows.CreditCardFunnel - working with [PaymentPageProxy wrapping [OpenQA.Selenium.Support.Events.EventFiringWebDriver]] 
Worker#1: SeleniumTest.Highlander.Elements.SignUpDialog - signUp success 
Worker#1: SeleniumTest.Highlander.Elements.SignUpDialog - signUp success 
Worker#1: SeleniumTest.Highlander.Tests.Funnel.GuestFunnelTests - invoking TearDown method ... 
Worker#1: SeleniumTest.Highlander.Tests.Funnel.GuestFunnelTests - invoking TearDown method ... 
Worker#1: SeleniumTest.Common.Scopes.ScopedRegistry`1[[SeleniumTest.Common.Browsers.AbstractBrowser, SeleniumTest, Version=1.0.0.0, Culture=neutral, PublicKeyToken=null]] - Disposing 3 instances of AbstractBrowser 
Worker#1: SeleniumTest.Common.Scopes.ScopedRegistry`1[[SeleniumTest.Common.Browsers.AbstractBrowser, SeleniumTest, Version=1.0.0.0, Culture=neutral, PublicKeyToken=null]] - Disposing 3 instances of AbstractBrowser 
]]></output>
              </test-case>
            </test-suite>
          </test-suite>
          <test-suite type="TestSuite" id="0-2185" name="Sanity" fullname="SeleniumTest.Highlander.Tests.Sanity" runstate="Runnable" testcasecount="42" result="Failed" site="Child" start-time="2016-03-01 12:50:00Z" end-time="2016-03-01 12:54:07Z" duration="247.103704" total="3" passed="2" failed="1" inconclusive="0" skipped="0" asserts="6">
            <properties />
            <failure>
              <message><![CDATA[One or more child tests had errors]]></message>
            </failure>
            <test-suite type="TestSuite" id="0-2186" name="SubscriptionTests" fullname="SeleniumTest.Highlander.Tests.Sanity.SubscriptionTests" runstate="Runnable" testcasecount="10" result="Failed" site="Child" start-time="2016-03-01 12:50:00Z" end-time="2016-03-01 12:53:11Z" duration="191.233638" total="1" passed="0" failed="1" inconclusive="0" skipped="0" asserts="0">
              <properties />
              <failure>
                <message><![CDATA[One or more child tests had errors]]></message>
              </failure>
              <test-suite type="TestFixture" id="0-1918" name="PayPalSubscriptionTests" fullname="SeleniumTest.Highlander.Tests.Sanity.SubscriptionTests.PayPalSubscriptionTests" classname="SeleniumTest.Highlander.Tests.Sanity.SubscriptionTests.PayPalSubscriptionTests" runstate="Runnable" testcasecount="2" result="Failed" site="Child" start-time="2016-03-01 12:50:00Z" end-time="2016-03-01 12:53:11Z" duration="191.232757" total="1" passed="0" failed="1" inconclusive="0" skipped="0" asserts="0">
                <properties>
                  <property name="Category" value="HighlanderIntegration" />
                  <property name="Category" value="HLSubscription" />
                  <property name="Category" value="CustomerFacingSuite" />
                  <property name="Category" value="NormalIntegrationTests" />
                  <property name="Category" value="CustomerRegression" />
                  <property name="Category" value="HighlanderIntegration" />
                  <property name="Category" value="HLFunnel" />
                  <property name="Category" value="CustomerFacingSuite" />
                  <property name="Category" value="NormalIntegrationTests" />
                  <property name="Category" value="CustomerRegression" />
                </properties>
                <failure>
                  <message><![CDATA[One or more child tests had errors]]></message>
                </failure>
                <output><![CDATA[Worker#2: SeleniumTest.Common.Databases.UserAccountFactory - creating expert account 
Worker#2: SeleniumTest.Common.Databases.UserAccountFactory - creating expert account 
Worker#2: SeleniumTest.Common.Databases.UserAccountFactory - creating profile: LGRPvOfNla/pearl 
Worker#2: SeleniumTest.Common.Databases.UserAccountFactory - creating profile: LGRPvOfNla/pearl 
Worker#2: SeleniumTest.Common.Databases.UserAccountFactory - assign categories: [50583,50664,50674,51002,52015,54753,54920,55490,56515,56528,59191,59378,59480,59780,60133,60248,61752,63390,64066,65709,65710,65711,66692,66788,66789,66790,67395,67534,67853,70843] 
Worker#2: SeleniumTest.Common.Databases.UserAccountFactory - assign categories: [50583,50664,50674,51002,52015,54753,54920,55490,56515,56528,59191,59378,59480,59780,60133,60248,61752,63390,64066,65709,65710,65711,66692,66788,66789,66790,67395,67534,67853,70843] 
Worker#2: SeleniumTest.Common.Databases.UserAccountFactory - assign user classes: [EXPERT,PqlProfessional] 
Worker#2: SeleniumTest.Common.Databases.UserAccountFactory - assign user classes: [EXPERT,PqlProfessional] 
Worker#2: SeleniumTest.Common.Databases.UserAccountFactory - accept policy notifications: [2,3] 
Worker#2: SeleniumTest.Common.Databases.UserAccountFactory - accept policy notifications: [2,3] 
Worker#2: SeleniumTest.Common.Databases.UserAccountFactory - creating admin account 
Worker#2: SeleniumTest.Common.Databases.UserAccountFactory - creating admin account 
Worker#2: SeleniumTest.Common.Databases.UserAccountFactory - creating profile: oCLVdiTeHp/pearl 
Worker#2: SeleniumTest.Common.Databases.UserAccountFactory - creating profile: oCLVdiTeHp/pearl 
Worker#2: SeleniumTest.Common.Databases.UserAccountFactory - assign user classes: [ADMIN,Admin-Eng,Admin-Prod,Admin-QA,ContentAdministrators,EditQuestionMetaData] 
Worker#2: SeleniumTest.Common.Databases.UserAccountFactory - assign user classes: [ADMIN,Admin-Eng,Admin-Prod,Admin-QA,ContentAdministrators,EditQuestionMetaData] 
Worker#2: SeleniumTest.Highlander.Tests.Sanity.SubscriptionTests.PayPalSubscriptionTests - invoking FixtureSetUp method... 
Worker#2: SeleniumTest.Highlander.Tests.Sanity.SubscriptionTests.PayPalSubscriptionTests - invoking FixtureSetUp method... 
Worker#2: SeleniumTest.Highlander.Tests.Sanity.SubscriptionTests.PayPalSubscriptionTests - invoking FixtureTearDown method... 
Worker#2: SeleniumTest.Highlander.Tests.Sanity.SubscriptionTests.PayPalSubscriptionTests - invoking FixtureTearDown method... 
Worker#2: SeleniumTest.Common.Scopes.ScopedRegistry`1[[SeleniumTest.Common.Browsers.AbstractBrowser, SeleniumTest, Version=1.0.0.0, Culture=neutral, PublicKeyToken=null]] - Disposing 3 instances of AbstractBrowser 
Worker#2: SeleniumTest.Common.Scopes.ScopedRegistry`1[[SeleniumTest.Common.Browsers.AbstractBrowser, SeleniumTest, Version=1.0.0.0, Culture=neutral, PublicKeyToken=null]] - Disposing 3 instances of AbstractBrowser 
]]></output>
                <test-case id="0-1919" name="ShouldPayWithPayPalForSubscription_TC2450" fullname="SeleniumTest.Highlander.Tests.Sanity.SubscriptionTests.PayPalSubscriptionTests.ShouldPayWithPayPalForSubscription_TC2450" methodname="ShouldPayWithPayPalForSubscription_TC2450" classname="SeleniumTest.Highlander.Tests.Sanity.SubscriptionTests.PayPalSubscriptionTests" runstate="Runnable" seed="964707645" result="Failed" label="Error" start-time="2016-03-01 12:50:20Z" end-time="2016-03-01 12:53:11Z" duration="171.559694" asserts="0">
                  <properties>
                    <property name="Category" value="Smoke" />
                  </properties>
                  <failure>
                    <message><![CDATA[System.InvalidOperationException : page [PayPalPageProxy] is not loaded]]></message>
                    <stack-trace><![CDATA[   at SeleniumTest.Common.AbstractPage.WaitUntilLoaded(TimeSpan timeout) in D:\git\ja-automation\SeleniumTest\SeleniumTest\Common\AbstractPage.cs:line 104
   at Castle.Proxies.PayPalPageProxy.WaitUntilLoaded_callback(TimeSpan timeout)
   at Castle.DynamicProxy.AbstractInvocation.Proceed()
   at NUnitReporter.EventReport.ProxyFactory.ReportingInerceptor.ReportAndProceed(IInvocation invocation, IEventReport report)
   at NUnitReporter.EventReport.ProxyFactory.ReportingInerceptor.Intercept(IInvocation invocation)
   at Castle.DynamicProxy.AbstractInvocation.Proceed()
   at Castle.Proxies.PayPalPageProxy.WaitUntilLoaded(TimeSpan timeout)
   at SeleniumTest.Highlander.Tests.Sanity.SubscriptionTests.PayPalSubscriptionTests.<>c__DisplayClass0_0.<ShouldPayWithPayPalForSubscription_TC2450>b__1(PayPalPage ppage) in D:\git\ja-automation\SeleniumTest\SeleniumTest\Highlander\Tests\Sanity\SubscriptionTests\PayPalSubscriptionTests.cs:line 37
   at SeleniumTest.Common.Browsers.BrowserWrapper.On[TPage](Action`1 action) in D:\git\ja-automation\SeleniumTest\SeleniumTest\Common\Browsers\BrowserWrapper.cs:line 68
   at SeleniumTest.Highlander.Tests.Sanity.SubscriptionTests.PayPalSubscriptionTests.ShouldPayWithPayPalForSubscription_TC2450() in D:\git\ja-automation\SeleniumTest\SeleniumTest\Highlander\Tests\Sanity\SubscriptionTests\PayPalSubscriptionTests.cs:line 35]]></stack-trace>
                  </failure>
                  <output><![CDATA[Worker#2: SeleniumTest.Highlander.Tests.Sanity.SubscriptionTests.PayPalSubscriptionTests - invoking SetUp method... 
Worker#2: SeleniumTest.Highlander.Tests.Sanity.SubscriptionTests.PayPalSubscriptionTests - invoking SetUp method... 
Worker#2: SeleniumTest.Common.Databases.UserAccountFactory - creating profile: rndNseoIYq/pearl 
Worker#2: SeleniumTest.Common.Databases.UserAccountFactory - creating profile: rndNseoIYq/pearl 
Worker#2: SeleniumTest.Highlander.Flows.PayPalFunnelHybrid - working with [OptionalInformationPageProxy wrapping [OpenQA.Selenium.Support.Events.EventFiringWebDriver]] 
Worker#2: SeleniumTest.Highlander.Flows.PayPalFunnelHybrid - working with [OptionalInformationPageProxy wrapping [OpenQA.Selenium.Support.Events.EventFiringWebDriver]] 
Worker#2: SeleniumTest.Highlander.Flows.PayPalFunnelHybrid - working with [PricingPageProxy_1 wrapping [OpenQA.Selenium.Support.Events.EventFiringWebDriver]] 
Worker#2: SeleniumTest.Highlander.Flows.PayPalFunnelHybrid - working with [PricingPageProxy_1 wrapping [OpenQA.Selenium.Support.Events.EventFiringWebDriver]] 
Worker#2: SeleniumTest.Highlander.Flows.PayPalFunnelHybrid - working with [ProcessingCompletePageProxy wrapping [OpenQA.Selenium.Support.Events.EventFiringWebDriver]] 
Worker#2: SeleniumTest.Highlander.Flows.PayPalFunnelHybrid - working with [ProcessingCompletePageProxy wrapping [OpenQA.Selenium.Support.Events.EventFiringWebDriver]] 
Worker#2: SeleniumTest.Highlander.Flows.PayPalFunnelHybrid - working with [EmailCapturePageMvcProxy wrapping [OpenQA.Selenium.Support.Events.EventFiringWebDriver]] 
Worker#2: SeleniumTest.Highlander.Flows.PayPalFunnelHybrid - working with [EmailCapturePageMvcProxy wrapping [OpenQA.Selenium.Support.Events.EventFiringWebDriver]] 
Worker#2: SeleniumTest.Highlander.Flows.PayPalFunnelHybrid - working with [EmailCapturePageMvcProxy wrapping [OpenQA.Selenium.Support.Events.EventFiringWebDriver]] 
Worker#2: SeleniumTest.Highlander.Flows.PayPalFunnelHybrid - working with [EmailCapturePageMvcProxy wrapping [OpenQA.Selenium.Support.Events.EventFiringWebDriver]] 
Worker#2: SeleniumTest.Highlander.Flows.PayPalFunnelHybrid - working with [WaitingRoomPageProxy_1 wrapping [OpenQA.Selenium.Support.Events.EventFiringWebDriver]] 
Worker#2: SeleniumTest.Highlander.Flows.PayPalFunnelHybrid - working with [WaitingRoomPageProxy_1 wrapping [OpenQA.Selenium.Support.Events.EventFiringWebDriver]] 
Worker#2: SeleniumTest.Highlander.Tests.Sanity.SubscriptionTests.PayPalSubscriptionTests - invoking TearDown method ... 
Worker#2: SeleniumTest.Highlander.Tests.Sanity.SubscriptionTests.PayPalSubscriptionTests - invoking TearDown method ... 
Worker#2: SeleniumTest.Common.Scopes.ScopedRegistry`1[[SeleniumTest.Common.Browsers.AbstractBrowser, SeleniumTest, Version=1.0.0.0, Culture=neutral, PublicKeyToken=null]] - Disposing 3 instances of AbstractBrowser 
Worker#2: SeleniumTest.Common.Scopes.ScopedRegistry`1[[SeleniumTest.Common.Browsers.AbstractBrowser, SeleniumTest, Version=1.0.0.0, Culture=neutral, PublicKeyToken=null]] - Disposing 3 instances of AbstractBrowser 
]]></output>
                </test-case>
              </test-suite>
            </test-suite>
            <test-suite type="TestSuite" id="0-2191" name="BonusTests" fullname="SeleniumTest.Highlander.Tests.Sanity.BonusTests" runstate="Runnable" testcasecount="4" result="Passed" start-time="2016-03-01 12:50:00Z" end-time="2016-03-01 12:53:43Z" duration="222.964188" total="1" passed="1" failed="0" inconclusive="0" skipped="0" asserts="5">
              <properties />
              <test-suite type="TestFixture" id="0-1963" name="BonusAmountTests" fullname="SeleniumTest.Highlander.Tests.Sanity.BonusTests.BonusAmountTests" classname="SeleniumTest.Highlander.Tests.Sanity.BonusTests.BonusAmountTests" runstate="Runnable" testcasecount="1" result="Passed" start-time="2016-03-01 12:50:00Z" end-time="2016-03-01 12:53:43Z" duration="222.964014" total="1" passed="1" failed="0" inconclusive="0" skipped="0" asserts="5">
                <properties>
                  <property name="Category" value="Smoke" />
                  <property name="Category" value="HLBonus" />
                  <property name="Category" value="HighlanderIntegration" />
                  <property name="Category" value="CustomerFacingSuite" />
                  <property name="Category" value="NormalIntegrationTests" />
                  <property name="Category" value="CustomerRegression" />
                </properties>
                <output><![CDATA[Worker#3: SeleniumTest.Common.Databases.UserAccountFactory - creating expert account 
Worker#3: SeleniumTest.Common.Databases.UserAccountFactory - creating expert account 
Worker#3: SeleniumTest.Common.Databases.UserAccountFactory - creating profile: hVPtqtxxYQ/pearl 
Worker#3: SeleniumTest.Common.Databases.UserAccountFactory - creating profile: hVPtqtxxYQ/pearl 
Worker#3: SeleniumTest.Common.Databases.UserAccountFactory - assign categories: [50583,50664,50674,51002,52015,54753,54920,55490,56515,56528,59191,59378,59480,59780,60133,60248,61752,63390,64066,65709,65710,65711,66692,66788,66789,66790,67395,67534,67853,70843] 
Worker#3: SeleniumTest.Common.Databases.UserAccountFactory - assign categories: [50583,50664,50674,51002,52015,54753,54920,55490,56515,56528,59191,59378,59480,59780,60133,60248,61752,63390,64066,65709,65710,65711,66692,66788,66789,66790,67395,67534,67853,70843] 
Worker#3: SeleniumTest.Common.Databases.UserAccountFactory - assign user classes: [EXPERT,PqlProfessional] 
Worker#3: SeleniumTest.Common.Databases.UserAccountFactory - assign user classes: [EXPERT,PqlProfessional] 
Worker#3: SeleniumTest.Common.Databases.UserAccountFactory - accept policy notifications: [2,3] 
Worker#3: SeleniumTest.Common.Databases.UserAccountFactory - accept policy notifications: [2,3] 
Worker#3: SeleniumTest.Common.Databases.UserAccountFactory - creating admin account 
Worker#3: SeleniumTest.Common.Databases.UserAccountFactory - creating admin account 
Worker#3: SeleniumTest.Common.Databases.UserAccountFactory - creating profile: BVxPuuFlmo/pearl 
Worker#3: SeleniumTest.Common.Databases.UserAccountFactory - creating profile: BVxPuuFlmo/pearl 
Worker#3: SeleniumTest.Common.Databases.UserAccountFactory - assign user classes: [ADMIN,Admin-Eng,Admin-Prod,Admin-QA,ContentAdministrators,EditQuestionMetaData] 
Worker#3: SeleniumTest.Common.Databases.UserAccountFactory - assign user classes: [ADMIN,Admin-Eng,Admin-Prod,Admin-QA,ContentAdministrators,EditQuestionMetaData] 
Worker#3: SeleniumTest.Highlander.Tests.Sanity.BonusTests.BonusAmountTests - invoking FixtureSetUp method... 
Worker#3: SeleniumTest.Highlander.Tests.Sanity.BonusTests.BonusAmountTests - invoking FixtureSetUp method... 
Worker#3: SeleniumTest.Highlander.Tests.Sanity.BonusTests.BonusAmountTests - invoking FixtureTearDown method... 
Worker#3: SeleniumTest.Highlander.Tests.Sanity.BonusTests.BonusAmountTests - invoking FixtureTearDown method... 
Worker#3: SeleniumTest.Common.Scopes.ScopedRegistry`1[[SeleniumTest.Common.Browsers.AbstractBrowser, SeleniumTest, Version=1.0.0.0, Culture=neutral, PublicKeyToken=null]] - Disposing 3 instances of AbstractBrowser 
Worker#3: SeleniumTest.Common.Scopes.ScopedRegistry`1[[SeleniumTest.Common.Browsers.AbstractBrowser, SeleniumTest, Version=1.0.0.0, Culture=neutral, PublicKeyToken=null]] - Disposing 3 instances of AbstractBrowser 
]]></output>
                <test-case id="0-1964" name="ShouldCheckErrorsAndGiveCustomBonus_TC1445" fullname="SeleniumTest.Highlander.Tests.Sanity.BonusTests.BonusAmountTests.ShouldCheckErrorsAndGiveCustomBonus_TC1445" methodname="ShouldCheckErrorsAndGiveCustomBonus_TC1445" classname="SeleniumTest.Highlander.Tests.Sanity.BonusTests.BonusAmountTests" runstate="Runnable" seed="1371674676" result="Passed" start-time="2016-03-01 12:50:21Z" end-time="2016-03-01 12:53:43Z" duration="202.239533" asserts="5">
                  <properties>
                    <property name="Description" value="Verify Custom Bonus Error for Min/Max amount. Verify Custom bonus submitted." />
                  </properties>
                  <output><![CDATA[Worker#3: SeleniumTest.Highlander.Tests.Sanity.BonusTests.BonusAmountTests - invoking SetUp method... 
Worker#3: SeleniumTest.Highlander.Tests.Sanity.BonusTests.BonusAmountTests - invoking SetUp method... 
Worker#3: SeleniumTest.Common.Databases.UserAccountFactory - creating profile: xmTpgmapas/pearl 
Worker#3: SeleniumTest.Common.Databases.UserAccountFactory - creating profile: xmTpgmapas/pearl 
Worker#3: SeleniumTest.Highlander.Flows.FunnelHybrid - working with [OptionalInformationPageProxy wrapping [OpenQA.Selenium.Support.Events.EventFiringWebDriver]] 
Worker#3: SeleniumTest.Highlander.Flows.FunnelHybrid - working with [OptionalInformationPageProxy wrapping [OpenQA.Selenium.Support.Events.EventFiringWebDriver]] 
Worker#3: SeleniumTest.Highlander.Flows.FunnelHybrid - working with [PricingPageProxy_1 wrapping [OpenQA.Selenium.Support.Events.EventFiringWebDriver]] 
Worker#3: SeleniumTest.Highlander.Flows.FunnelHybrid - working with [PricingPageProxy_1 wrapping [OpenQA.Selenium.Support.Events.EventFiringWebDriver]] 
Worker#3: SeleniumTest.Highlander.Flows.FunnelHybrid - working with [CreditCardPageProxy wrapping [OpenQA.Selenium.Support.Events.EventFiringWebDriver]] 
Worker#3: SeleniumTest.Highlander.Flows.FunnelHybrid - working with [CreditCardPageProxy wrapping [OpenQA.Selenium.Support.Events.EventFiringWebDriver]] 
Worker#3: SeleniumTest.Highlander.Flows.FunnelHybrid - working with [ProcessingCompletePageProxy wrapping [OpenQA.Selenium.Support.Events.EventFiringWebDriver]] 
Worker#3: SeleniumTest.Highlander.Flows.FunnelHybrid - working with [ProcessingCompletePageProxy wrapping [OpenQA.Selenium.Support.Events.EventFiringWebDriver]] 
Worker#3: SeleniumTest.Highlander.Flows.FunnelHybrid - working with [EmailCapturePageMvcProxy wrapping [OpenQA.Selenium.Support.Events.EventFiringWebDriver]] 
Worker#3: SeleniumTest.Highlander.Flows.FunnelHybrid - working with [EmailCapturePageMvcProxy wrapping [OpenQA.Selenium.Support.Events.EventFiringWebDriver]] 
Worker#3: SeleniumTest.Highlander.Flows.FunnelHybrid - working with [EmailCapturePageMvcProxy wrapping [OpenQA.Selenium.Support.Events.EventFiringWebDriver]] 
Worker#3: SeleniumTest.Highlander.Flows.FunnelHybrid - working with [EmailCapturePageMvcProxy wrapping [OpenQA.Selenium.Support.Events.EventFiringWebDriver]] 
Worker#3: SeleniumTest.Highlander.Flows.FunnelHybrid - working with [WaitingRoomPageProxy_1 wrapping [OpenQA.Selenium.Support.Events.EventFiringWebDriver]] 
Worker#3: SeleniumTest.Highlander.Flows.FunnelHybrid - working with [WaitingRoomPageProxy_1 wrapping [OpenQA.Selenium.Support.Events.EventFiringWebDriver]] 
Worker#3: SeleniumTest.Highlander.Tests.Sanity.BonusTests.BonusAmountTests - invoking TearDown method ... 
Worker#3: SeleniumTest.Highlander.Tests.Sanity.BonusTests.BonusAmountTests - invoking TearDown method ... 
Worker#3: SeleniumTest.Common.Scopes.ScopedRegistry`1[[SeleniumTest.Common.Browsers.AbstractBrowser, SeleniumTest, Version=1.0.0.0, Culture=neutral, PublicKeyToken=null]] - Disposing 3 instances of AbstractBrowser 
Worker#3: SeleniumTest.Common.Scopes.ScopedRegistry`1[[SeleniumTest.Common.Browsers.AbstractBrowser, SeleniumTest, Version=1.0.0.0, Culture=neutral, PublicKeyToken=null]] - Disposing 3 instances of AbstractBrowser 
]]></output>
                </test-case>
              </test-suite>
            </test-suite>
            <test-suite type="TestSuite" id="0-2189" name="FunnelTests" fullname="SeleniumTest.Highlander.Tests.Sanity.FunnelTests" runstate="Runnable" testcasecount="6" result="Passed" start-time="2016-03-01 12:50:00Z" end-time="2016-03-01 12:54:07Z" duration="247.103442" total="1" passed="1" failed="0" inconclusive="0" skipped="0" asserts="1">
              <properties />
              <test-suite type="TestFixture" id="0-1951" name="RepeatFunnelTests" fullname="SeleniumTest.Highlander.Tests.Sanity.FunnelTests.RepeatFunnelTests" classname="SeleniumTest.Highlander.Tests.Sanity.FunnelTests.RepeatFunnelTests" runstate="Runnable" testcasecount="1" result="Passed" start-time="2016-03-01 12:50:00Z" end-time="2016-03-01 12:54:07Z" duration="247.103276" total="1" passed="1" failed="0" inconclusive="0" skipped="0" asserts="1">
                <properties>
                  <property name="Category" value="Smoke" />
                  <property name="Category" value="HighlanderIntegration" />
                  <property name="Category" value="HLFunnel" />
                  <property name="Category" value="CustomerFacingSuite" />
                  <property name="Category" value="NormalIntegrationTests" />
                  <property name="Category" value="CustomerRegression" />
                </properties>
                <output><![CDATA[Worker#4: SeleniumTest.Common.Databases.UserAccountFactory - creating expert account 
Worker#4: SeleniumTest.Common.Databases.UserAccountFactory - creating expert account 
Worker#4: SeleniumTest.Common.Databases.UserAccountFactory - creating profile: bLiZTRwAgC/pearl 
Worker#4: SeleniumTest.Common.Databases.UserAccountFactory - creating profile: bLiZTRwAgC/pearl 
Worker#4: SeleniumTest.Common.Databases.UserAccountFactory - assign categories: [50583,50664,50674,51002,52015,54753,54920,55490,56515,56528,59191,59378,59480,59780,60133,60248,61752,63390,64066,65709,65710,65711,66692,66788,66789,66790,67395,67534,67853,70843] 
Worker#4: SeleniumTest.Common.Databases.UserAccountFactory - assign categories: [50583,50664,50674,51002,52015,54753,54920,55490,56515,56528,59191,59378,59480,59780,60133,60248,61752,63390,64066,65709,65710,65711,66692,66788,66789,66790,67395,67534,67853,70843] 
Worker#4: SeleniumTest.Common.Databases.UserAccountFactory - assign user classes: [EXPERT,PqlProfessional] 
Worker#4: SeleniumTest.Common.Databases.UserAccountFactory - assign user classes: [EXPERT,PqlProfessional] 
Worker#4: SeleniumTest.Common.Databases.UserAccountFactory - accept policy notifications: [2,3] 
Worker#4: SeleniumTest.Common.Databases.UserAccountFactory - accept policy notifications: [2,3] 
Worker#4: SeleniumTest.Common.Databases.UserAccountFactory - creating admin account 
Worker#4: SeleniumTest.Common.Databases.UserAccountFactory - creating admin account 
Worker#4: SeleniumTest.Common.Databases.UserAccountFactory - creating profile: dChMukHpFX/pearl 
Worker#4: SeleniumTest.Common.Databases.UserAccountFactory - creating profile: dChMukHpFX/pearl 
Worker#4: SeleniumTest.Common.Databases.UserAccountFactory - assign user classes: [ADMIN,Admin-Eng,Admin-Prod,Admin-QA,ContentAdministrators,EditQuestionMetaData] 
Worker#4: SeleniumTest.Common.Databases.UserAccountFactory - assign user classes: [ADMIN,Admin-Eng,Admin-Prod,Admin-QA,ContentAdministrators,EditQuestionMetaData] 
Worker#4: SeleniumTest.Highlander.Tests.Sanity.FunnelTests.RepeatFunnelTests - invoking FixtureSetUp method... 
Worker#4: SeleniumTest.Highlander.Tests.Sanity.FunnelTests.RepeatFunnelTests - invoking FixtureSetUp method... 
Worker#4: SeleniumTest.Highlander.Tests.Sanity.FunnelTests.RepeatFunnelTests - invoking FixtureTearDown method... 
Worker#4: SeleniumTest.Highlander.Tests.Sanity.FunnelTests.RepeatFunnelTests - invoking FixtureTearDown method... 
Worker#4: SeleniumTest.Common.Scopes.ScopedRegistry`1[[SeleniumTest.Common.Browsers.AbstractBrowser, SeleniumTest, Version=1.0.0.0, Culture=neutral, PublicKeyToken=null]] - Disposing 3 instances of AbstractBrowser 
Worker#4: SeleniumTest.Common.Scopes.ScopedRegistry`1[[SeleniumTest.Common.Browsers.AbstractBrowser, SeleniumTest, Version=1.0.0.0, Culture=neutral, PublicKeyToken=null]] - Disposing 3 instances of AbstractBrowser 
]]></output>
                <test-case id="0-1952" name="ShouldProceedWithMvcRepeatFunnelAsJaGuestUser_TC2305" fullname="SeleniumTest.Highlander.Tests.Sanity.FunnelTests.RepeatFunnelTests.ShouldProceedWithMvcRepeatFunnelAsJaGuestUser_TC2305" methodname="ShouldProceedWithMvcRepeatFunnelAsJaGuestUser_TC2305" classname="SeleniumTest.Highlander.Tests.Sanity.FunnelTests.RepeatFunnelTests" runstate="Runnable" seed="1845645714" result="Passed" start-time="2016-03-01 12:50:22Z" end-time="2016-03-01 12:54:07Z" duration="224.890283" asserts="1">
                  <properties>
                    <property name="Description" value="Verify JA Guest User Succeeds with MVC repeat funnel" />
                  </properties>
                  <output><![CDATA[Worker#4: SeleniumTest.Highlander.Tests.Sanity.FunnelTests.RepeatFunnelTests - invoking SetUp method... 
Worker#4: SeleniumTest.Highlander.Tests.Sanity.FunnelTests.RepeatFunnelTests - invoking SetUp method... 
Worker#4: SeleniumTest.Common.Databases.UserAccountFactory - creating profile: POGEeWOZrI/pearl 
Worker#4: SeleniumTest.Common.Databases.UserAccountFactory - creating profile: POGEeWOZrI/pearl 
Worker#4: SeleniumTest.Highlander.Flows.FunnelHybrid - working with [OptionalInformationPageProxy wrapping [OpenQA.Selenium.Support.Events.EventFiringWebDriver]] 
Worker#4: SeleniumTest.Highlander.Flows.FunnelHybrid - working with [OptionalInformationPageProxy wrapping [OpenQA.Selenium.Support.Events.EventFiringWebDriver]] 
Worker#4: SeleniumTest.Highlander.Flows.FunnelHybrid - working with [PricingPageProxy_1 wrapping [OpenQA.Selenium.Support.Events.EventFiringWebDriver]] 
Worker#4: SeleniumTest.Highlander.Flows.FunnelHybrid - working with [PricingPageProxy_1 wrapping [OpenQA.Selenium.Support.Events.EventFiringWebDriver]] 
Worker#4: SeleniumTest.Highlander.Flows.FunnelHybrid - working with [CreditCardPageProxy wrapping [OpenQA.Selenium.Support.Events.EventFiringWebDriver]] 
Worker#4: SeleniumTest.Highlander.Flows.FunnelHybrid - working with [CreditCardPageProxy wrapping [OpenQA.Selenium.Support.Events.EventFiringWebDriver]] 
Worker#4: SeleniumTest.Highlander.Flows.FunnelHybrid - working with [ProcessingCompletePageProxy wrapping [OpenQA.Selenium.Support.Events.EventFiringWebDriver]] 
Worker#4: SeleniumTest.Highlander.Flows.FunnelHybrid - working with [ProcessingCompletePageProxy wrapping [OpenQA.Selenium.Support.Events.EventFiringWebDriver]] 
Worker#4: SeleniumTest.Highlander.Flows.FunnelHybrid - working with [EmailCapturePageMvcProxy wrapping [OpenQA.Selenium.Support.Events.EventFiringWebDriver]] 
Worker#4: SeleniumTest.Highlander.Flows.FunnelHybrid - working with [EmailCapturePageMvcProxy wrapping [OpenQA.Selenium.Support.Events.EventFiringWebDriver]] 
Worker#4: SeleniumTest.Highlander.Flows.FunnelHybrid - working with [EmailCapturePageMvcProxy wrapping [OpenQA.Selenium.Support.Events.EventFiringWebDriver]] 
Worker#4: SeleniumTest.Highlander.Flows.FunnelHybrid - working with [EmailCapturePageMvcProxy wrapping [OpenQA.Selenium.Support.Events.EventFiringWebDriver]] 
Worker#4: SeleniumTest.Highlander.Flows.FunnelHybrid - working with [WaitingRoomPageProxy_1 wrapping [OpenQA.Selenium.Support.Events.EventFiringWebDriver]] 
Worker#4: SeleniumTest.Highlander.Flows.FunnelHybrid - working with [WaitingRoomPageProxy_1 wrapping [OpenQA.Selenium.Support.Events.EventFiringWebDriver]] 
Worker#4: SeleniumTest.Highlander.Flows.RepeatCustomerFunnel - working with [OptionalDetailsPageProxy wrapping [OpenQA.Selenium.Support.Events.EventFiringWebDriver]] 
Worker#4: SeleniumTest.Highlander.Flows.RepeatCustomerFunnel - working with [OptionalDetailsPageProxy wrapping [OpenQA.Selenium.Support.Events.EventFiringWebDriver]] 
Worker#4: SeleniumTest.Highlander.Flows.RepeatCustomerFunnel - working with [PricingPageProxy wrapping [OpenQA.Selenium.Support.Events.EventFiringWebDriver]] 
Worker#4: SeleniumTest.Highlander.Flows.RepeatCustomerFunnel - working with [PricingPageProxy wrapping [OpenQA.Selenium.Support.Events.EventFiringWebDriver]] 
Worker#4: SeleniumTest.Highlander.Flows.RepeatCustomerFunnel - working with [PaymentPageProxy wrapping [OpenQA.Selenium.Support.Events.EventFiringWebDriver]] 
Worker#4: SeleniumTest.Highlander.Flows.RepeatCustomerFunnel - working with [PaymentPageProxy wrapping [OpenQA.Selenium.Support.Events.EventFiringWebDriver]] 
Worker#4: SeleniumTest.Highlander.Tests.Sanity.FunnelTests.RepeatFunnelTests - invoking TearDown method ... 
Worker#4: SeleniumTest.Highlander.Tests.Sanity.FunnelTests.RepeatFunnelTests - invoking TearDown method ... 
Worker#4: SeleniumTest.Common.Scopes.ScopedRegistry`1[[SeleniumTest.Common.Browsers.AbstractBrowser, SeleniumTest, Version=1.0.0.0, Culture=neutral, PublicKeyToken=null]] - Disposing 3 instances of AbstractBrowser 
Worker#4: SeleniumTest.Common.Scopes.ScopedRegistry`1[[SeleniumTest.Common.Browsers.AbstractBrowser, SeleniumTest, Version=1.0.0.0, Culture=neutral, PublicKeyToken=null]] - Disposing 3 instances of AbstractBrowser 
]]></output>
                </test-case>
              </test-suite>
            </test-suite>
          </test-suite>
        </test-suite>
      </test-suite>
    </test-suite>
  </test-suite>
</test-run>