{
  "?xml": {
    "@version": "1.0",
    "@encoding": "utf-8",
    "@standalone": "no"
  },
  "test-run": {
    "@id": "2",
    "@testcasecount": "824",
    "@result": "Failed",
    "@total": "7",
    "@passed": "0",
    "@failed": "7",
    "@inconclusive": "0",
    "@skipped": "0",
    "@asserts": "0",
    "@engine-version": "3.0.5813.39036",
    "@clr-version": "4.0.30319.34209",
    "@start-time": "2016-02-15 15:46:50Z",
    "@end-time": "2016-02-15 15:48:23Z",
    "@duration": "93.496016",
    "command-line": {
      "#cdata-section": "\"C:\\jenkins_Qaoyster\\workspace\\RunSpecificTestRepeater\\SeleniumTest\\packages\\NUnit.Console.3.0.1\\tools\\nunit3-console.exe\"  C:\\jenkins_Qaoyster\\workspace\\RunSpecificTestRepeater\\SeleniumTest\\SeleniumTest\\bin\\Release\\SeleniumTest.dll --work=second-run --labels=All --testlist first-run\\FailedTestsList.txt --workers=5 --result:NUnit2TestResult.xml;format=nunit2 --result:NUnit3TestResult.xml;format=nunit3 --noheader"
    },
    "filter": {
      "or": {
        "test": [
          "SeleniumTest.Highlander.Tests.Sanity.BonusTests.BonusAmountTests.ShouldCheckErrorsAndGiveCustomBonus_TC1445",
          "SeleniumTest.Professional.Tests.Sanity.PQALayoutTests.ShouldCheckPriorityFilter_TC1770",
          "SeleniumTest.Professional.Tests.Sanity.PQALayoutTests.ShouldCheckUnratedFilter_TC1770",
          "SeleniumTest.Professional.Tests.Sanity.PQALayoutTests.ShouldVerifyAcceptAdService_TC1770",
          "SeleniumTest.Professional.Tests.Sanity.PQALayoutTests.ShouldVerifyPQALayout_TC1770",
          "SeleniumTest.Professional.Tests.Sanity.PQALayoutTests.ShouldVerifyPQARateNegativelyPositively_TC1770(4,\"The customer has accepted an answer!\")",
          "SeleniumTest.Professional.Tests.Sanity.PQALayoutTests.ShouldVerifyPQARateNegativelyPositively_TC1770(1,\"The customer has given a negative rat...\")"
        ]
      }
    },
    "test-suite": {
      "@type": "Assembly",
      "@id": "0-2146",
      "@name": "SeleniumTest.dll",
      "@fullname": "C:\\jenkins_Qaoyster\\workspace\\RunSpecificTestRepeater\\SeleniumTest\\SeleniumTest\\bin\\Release\\SeleniumTest.dll",
      "@runstate": "Runnable",
      "@testcasecount": "824",
      "@result": "Failed",
      "@site": "Child",
      "@start-time": "2016-02-15 15:46:50Z",
      "@end-time": "2016-02-15 15:48:23Z",
      "@duration": "93.175071",
      "@total": "7",
      "@passed": "0",
      "@failed": "7",
      "@inconclusive": "0",
      "@skipped": "0",
      "@asserts": "0",
      "environment": {
        "@framework-version": "3.0.5813.39032",
        "@clr-version": "4.0.30319.34209",
        "@os-version": "Microsoft Windows NT 6.1.7601 Service Pack 1",
        "@platform": "Win32NT",
        "@cwd": "C:\\jenkins_Qaoyster\\workspace\\RunSpecificTestRepeater",
        "@machine-name": "SELENIUM1",
        "@user": "qabuild",
        "@user-domain": "JUSTANSWER",
        "@culture": "en-US",
        "@uiculture": "en-US",
        "@os-architecture": "x64"
      },
      "settings": {
        "setting": [
          {
            "@name": "WorkDirectory",
            "@value": "second-run"
          },
          {
            "@name": "NumberOfTestWorkers",
            "@value": "5"
          }
        ]
      },
      "properties": {
        "property": [
          {
            "@name": "ParallelScope",
            "@value": "Fixtures"
          },
          {
            "@name": "_PID",
            "@value": "3548"
          },
          {
            "@name": "_APPDOMAIN",
            "@value": "test-domain-"
          }
        ]
      },
      "failure": {
        "message": {
          "#cdata-section": "One or more child tests had errors"
        }
      },
      "test-suite": {
        "@type": "TestSuite",
        "@id": "0-2147",
        "@name": "SeleniumTest",
        "@fullname": "SeleniumTest",
        "@runstate": "Runnable",
        "@testcasecount": "824",
        "@result": "Failed",
        "@site": "Child",
        "@start-time": "2016-02-15 15:46:50Z",
        "@end-time": "2016-02-15 15:48:23Z",
        "@duration": "93.132467",
        "@total": "7",
        "@passed": "0",
        "@failed": "7",
        "@inconclusive": "0",
        "@skipped": "0",
        "@asserts": "0",
        "failure": {
          "message": {
            "#cdata-section": "One or more child tests had errors"
          }
        },
        "test-suite": [
          {
            "@type": "TestSuite",
            "@id": "0-2159",
            "@name": "Highlander",
            "@fullname": "SeleniumTest.Highlander",
            "@runstate": "Runnable",
            "@testcasecount": "212",
            "@result": "Failed",
            "@site": "Child",
            "@start-time": "2016-02-15 15:46:50Z",
            "@end-time": "2016-02-15 15:47:26Z",
            "@duration": "36.121691",
            "@total": "1",
            "@passed": "0",
            "@failed": "1",
            "@inconclusive": "0",
            "@skipped": "0",
            "@asserts": "0",
            "failure": {
              "message": {
                "#cdata-section": "One or more child tests had errors"
              }
            },
            "test-suite": {
              "@type": "TestSuite",
              "@id": "0-2160",
              "@name": "Tests",
              "@fullname": "SeleniumTest.Highlander.Tests",
              "@runstate": "Runnable",
              "@testcasecount": "212",
              "@result": "Failed",
              "@site": "Child",
              "@start-time": "2016-02-15 15:46:50Z",
              "@end-time": "2016-02-15 15:47:26Z",
              "@duration": "36.121612",
              "@total": "1",
              "@passed": "0",
              "@failed": "1",
              "@inconclusive": "0",
              "@skipped": "0",
              "@asserts": "0",
              "failure": {
                "message": {
                  "#cdata-section": "One or more child tests had errors"
                }
              },
              "test-suite": {
                "@type": "TestSuite",
                "@id": "0-2161",
                "@name": "Sanity",
                "@fullname": "SeleniumTest.Highlander.Tests.Sanity",
                "@runstate": "Runnable",
                "@testcasecount": "50",
                "@result": "Failed",
                "@site": "Child",
                "@start-time": "2016-02-15 15:46:50Z",
                "@end-time": "2016-02-15 15:47:26Z",
                "@duration": "36.121209",
                "@total": "1",
                "@passed": "0",
                "@failed": "1",
                "@inconclusive": "0",
                "@skipped": "0",
                "@asserts": "0",
                "failure": {
                  "message": {
                    "#cdata-section": "One or more child tests had errors"
                  }
                },
                "test-suite": {
                  "@type": "TestSuite",
                  "@id": "0-2179",
                  "@name": "BonusTests",
                  "@fullname": "SeleniumTest.Highlander.Tests.Sanity.BonusTests",
                  "@runstate": "Runnable",
                  "@testcasecount": "4",
                  "@result": "Failed",
                  "@site": "Child",
                  "@start-time": "2016-02-15 15:46:50Z",
                  "@end-time": "2016-02-15 15:47:26Z",
                  "@duration": "36.120898",
                  "@total": "1",
                  "@passed": "0",
                  "@failed": "1",
                  "@inconclusive": "0",
                  "@skipped": "0",
                  "@asserts": "0",
                  "failure": {
                    "message": {
                      "#cdata-section": "One or more child tests had errors"
                    }
                  },
                  "test-suite": {
                    "@type": "TestFixture",
                    "@id": "0-1192",
                    "@name": "BonusAmountTests",
                    "@fullname": "SeleniumTest.Highlander.Tests.Sanity.BonusTests.BonusAmountTests",
                    "@classname": "SeleniumTest.Highlander.Tests.Sanity.BonusTests.BonusAmountTests",
                    "@runstate": "Runnable",
                    "@testcasecount": "1",
                    "@result": "Failed",
                    "@site": "Child",
                    "@start-time": "2016-02-15 15:46:50Z",
                    "@end-time": "2016-02-15 15:47:26Z",
                    "@duration": "36.112281",
                    "@total": "1",
                    "@passed": "0",
                    "@failed": "1",
                    "@inconclusive": "0",
                    "@skipped": "0",
                    "@asserts": "0",
                    "properties": {
                      "property": [
                        {
                          "@name": "Category",
                          "@value": "SelfSanity"
                        },
                        {
                          "@name": "Category",
                          "@value": "HLBonus"
                        },
                        {
                          "@name": "Category",
                          "@value": "NormalIntegrationTests"
                        },
                        {
                          "@name": "Category",
                          "@value": "HighlanderIntegration"
                        },
                        {
                          "@name": "Category",
                          "@value": "CustomerFacingSuite"
                        }
                      ]
                    },
                    "failure": {
                      "message": {
                        "#cdata-section": "One or more child tests had errors"
                      }
                    },
                    "output": {
                      "#cdata-section": "Worker#4: SeleniumTest.Common.Databases.UserAccountFactory - creating expert account \r\nWorker#4: SeleniumTest.Common.Databases.UserAccountFactory - creating profile: PZJYsvYiJU/pearl \r\nWorker#4: SeleniumTest.Common.Databases.UserAccountFactory - assign categories: [50583,50664,59191,59480,59780,60133,60248,61752,66692,67853] \r\nWorker#4: SeleniumTest.Common.Databases.UserAccountFactory - assign user classes: [EXPERT,PqlProfessional] \r\nWorker#4: SeleniumTest.Common.Databases.UserAccountFactory - accept policy notifications: [2,3] \r\nWorker#4: SeleniumTest.Common.Databases.UserAccountFactory - creating admin account \r\nWorker#4: SeleniumTest.Common.Databases.UserAccountFactory - creating profile: lHNTKjnrEY/pearl \r\nWorker#4: SeleniumTest.Common.Databases.UserAccountFactory - assign user classes: [ADMIN,Admin-Eng,Admin-Prod,Admin-QA,ContentAdministrators,EditQuestionMetaData] \r\nWorker#4: SeleniumTest.Highlander.Tests.Sanity.BonusTests.BonusAmountTests - invoking FixtureSetUp method... \r\nWorker#4: SeleniumTest.Highlander.Tests.Sanity.BonusTests.BonusAmountTests - invoking FixtureTearDown method... \r\nWorker#4: SeleniumTest.Common.Scopes.ScopedRegistry`1[[SeleniumTest.Common.Browsers.AbstractBrowser, SeleniumTest, Version=1.0.0.0, Culture=neutral, PublicKeyToken=null]] - Disposing 3 instances of AbstractBrowser \r\n"
                    },
                    "test-case": {
                      "@id": "0-1193",
                      "@name": "ShouldCheckErrorsAndGiveCustomBonus_TC1445",
                      "@fullname": "SeleniumTest.Highlander.Tests.Sanity.BonusTests.BonusAmountTests.ShouldCheckErrorsAndGiveCustomBonus_TC1445",
                      "@methodname": "ShouldCheckErrorsAndGiveCustomBonus_TC1445",
                      "@classname": "SeleniumTest.Highlander.Tests.Sanity.BonusTests.BonusAmountTests",
                      "@runstate": "Runnable",
                      "@seed": "596255244",
                      "@result": "Failed",
                      "@label": "Error",
                      "@start-time": "2016-02-15 15:47:14Z",
                      "@end-time": "2016-02-15 15:47:26Z",
                      "@duration": "12.437616",
                      "@asserts": "0",
                      "properties": {
                        "property": {
                          "@name": "Description",
                          "@value": "Verify Custom Bonus Error for Min/Max amount. Verify Custom bonus submitted."
                        }
                      },
                      "failure": {
                        "message": {
                          "#cdata-section": "System.Reflection.TargetInvocationException : Exception has been thrown by the target of an invocation.\r\n  ----> System.TypeInitializationException : The type initializer for 'HtmlElements.ElementFactory' threw an exception.\r\n  ----> System.IO.FileNotFoundException : Could not load file or assembly 'Castle.DynamicProxy2, Version=2.2.0.0, Culture=neutral, PublicKeyToken=407dd0808d44fbdc' or one of its dependencies. The system cannot find the file specified."
                        },
                        "stack-trace": {
                          "#cdata-section": "   at System.RuntimeMethodHandle.InvokeMethod(Object target, Object[] arguments, Signature sig, Boolean constructor)\r\n   at System.Reflection.RuntimeConstructorInfo.Invoke(BindingFlags invokeAttr, Binder binder, Object[] parameters, CultureInfo culture)\r\n   at System.RuntimeType.CreateInstanceImpl(BindingFlags bindingAttr, Binder binder, Object[] args, CultureInfo culture, Object[] activationAttributes, StackCrawlMark& stackMark)\r\n   at System.Activator.CreateInstance(Type type, BindingFlags bindingAttr, Binder binder, Object[] args, CultureInfo culture, Object[] activationAttributes)\r\n   at System.Activator.CreateInstance(Type type, Object[] args)\r\n   at HtmlElements.ObjectFactory.CreatePageObject(Type objecType, ISearchContext searchContext)\r\n   at HtmlElements.ElementActivator.Activate(Type type, ISearchContext context)\r\n   at HtmlElements.ElementActivator.Activate[T](ISearchContext context)\r\n   at SeleniumTest.Highlander.Tests.Sanity.SanityTestFixture.LandOnHomePageWithDisabledOptimizelyAndHLTestPath(AbstractBrowser browser)\r\n   at SeleniumTest.Highlander.Tests.Sanity.SanityTestFixture.CustomerAsksQuestion()\r\n   at SeleniumTest.Highlander.Tests.Sanity.BonusTests.BonusAmountTests.ShouldCheckErrorsAndGiveCustomBonus_TC1445()\r\n--TypeInitializationException\r\n   at HtmlElements.ElementFactory.Create(Type type, IElementLocator locator, Boolean cache)\r\n   at HtmlElements.ElementActivator.ValueFor(MemberInfo memberInfo, ElementLocatorFactory locatorFactory)\r\n   at HtmlElements.ElementActivator.Activate(Object target, ISearchContext context)\r\n   at HtmlElements.Elements.HtmlPage..ctor(ISearchContext wrapped)\r\n   at SeleniumTest.Common.AbstractPage..ctor(ISearchContext wrapped)\r\n   at SeleniumTest.JustAnswer.Pages.HomePageIntegration..ctor(ISearchContext wrapped)\r\n--FileNotFoundException\r\n   at HtmlElements.ElementFactory..cctor()"
                        }
                      },
                      "output": {
                        "#cdata-section": "Worker#4: SeleniumTest.Highlander.Tests.Sanity.BonusTests.BonusAmountTests - invoking SetUp method... \r\nWorker#4: OpenQA.Selenium.Support.Events.EventFiringWebDriver - navigate to: [http://cruisecontrol.justanswer.local/home-page.aspx?optimizely_disable=true] \r\nWorker#4: SeleniumTest.Highlander.Tests.Sanity.BonusTests.BonusAmountTests - invoking TearDown method ... \r\nWorker#4: SeleniumTest.Common.Scopes.ScopedRegistry`1[[SeleniumTest.Common.Browsers.AbstractBrowser, SeleniumTest, Version=1.0.0.0, Culture=neutral, PublicKeyToken=null]] - Disposing 3 instances of AbstractBrowser \r\n"
                      },
                      "images": {
                        "image": "test-output/0-1193_SeleniumTest_Highlander_Tests_Sanity_BonusTests_BonusAmountTests_ShouldCheckErrorsAndGiveCustomBonus_TC14451.png"
                      }
                    }
                  }
                }
              }
            }
          },
          {
            "@type": "TestSuite",
            "@id": "0-2172",
            "@name": "Professional",
            "@fullname": "SeleniumTest.Professional",
            "@runstate": "Runnable",
            "@testcasecount": "198",
            "@result": "Failed",
            "@site": "Child",
            "@start-time": "2016-02-15 15:46:50Z",
            "@end-time": "2016-02-15 15:48:23Z",
            "@duration": "93.122244",
            "@total": "6",
            "@passed": "0",
            "@failed": "6",
            "@inconclusive": "0",
            "@skipped": "0",
            "@asserts": "0",
            "failure": {
              "message": {
                "#cdata-section": "One or more child tests had errors"
              }
            },
            "test-suite": {
              "@type": "TestSuite",
              "@id": "0-2175",
              "@name": "Tests",
              "@fullname": "SeleniumTest.Professional.Tests",
              "@runstate": "Runnable",
              "@testcasecount": "198",
              "@result": "Failed",
              "@site": "Child",
              "@start-time": "2016-02-15 15:46:50Z",
              "@end-time": "2016-02-15 15:48:23Z",
              "@duration": "93.122052",
              "@total": "6",
              "@passed": "0",
              "@failed": "6",
              "@inconclusive": "0",
              "@skipped": "0",
              "@asserts": "0",
              "failure": {
                "message": {
                  "#cdata-section": "One or more child tests had errors"
                }
              },
              "test-suite": {
                "@type": "TestSuite",
                "@id": "0-2176",
                "@name": "Sanity",
                "@fullname": "SeleniumTest.Professional.Tests.Sanity",
                "@runstate": "Runnable",
                "@testcasecount": "26",
                "@result": "Failed",
                "@site": "Child",
                "@start-time": "2016-02-15 15:46:50Z",
                "@end-time": "2016-02-15 15:48:23Z",
                "@duration": "93.121558",
                "@total": "6",
                "@passed": "0",
                "@failed": "6",
                "@inconclusive": "0",
                "@skipped": "0",
                "@asserts": "0",
                "failure": {
                  "message": {
                    "#cdata-section": "One or more child tests had errors"
                  }
                },
                "test-suite": {
                  "@type": "TestFixture",
                  "@id": "0-1159",
                  "@name": "PQALayoutTests",
                  "@fullname": "SeleniumTest.Professional.Tests.Sanity.PQALayoutTests",
                  "@classname": "SeleniumTest.Professional.Tests.Sanity.PQALayoutTests",
                  "@runstate": "Runnable",
                  "@testcasecount": "6",
                  "@result": "Failed",
                  "@site": "Child",
                  "@start-time": "2016-02-15 15:46:50Z",
                  "@end-time": "2016-02-15 15:48:23Z",
                  "@duration": "93.121231",
                  "@total": "6",
                  "@passed": "0",
                  "@failed": "6",
                  "@inconclusive": "0",
                  "@skipped": "0",
                  "@asserts": "0",
                  "properties": {
                    "property": [
                      {
                        "@name": "Category",
                        "@value": "PQALayoutTests"
                      },
                      {
                        "@name": "Category",
                        "@value": "PQASanity"
                      }
                    ]
                  },
                  "failure": {
                    "message": {
                      "#cdata-section": "One or more child tests had errors"
                    }
                  },
                  "output": {
                    "#cdata-section": "Worker#5: SeleniumTest.Common.Databases.UserAccountFactory - creating expert account \r\nWorker#5: SeleniumTest.Common.Databases.UserAccountFactory - creating profile: BXLBSrxaGT/pearl \r\nWorker#5: SeleniumTest.Common.Databases.UserAccountFactory - assign categories: [50583,50664,59191,59480,59780,60133,60248,61752,66692,67853] \r\nWorker#5: SeleniumTest.Common.Databases.UserAccountFactory - assign user classes: [EXPERT,PqlProfessional] \r\nWorker#5: SeleniumTest.Common.Databases.UserAccountFactory - accept policy notifications: [2,3] \r\nWorker#5: SeleniumTest.Common.Databases.UserAccountFactory - creating admin account \r\nWorker#5: SeleniumTest.Common.Databases.UserAccountFactory - creating profile: YLYYaWTfvU/pearl \r\nWorker#5: SeleniumTest.Common.Databases.UserAccountFactory - assign user classes: [ADMIN,Admin-Eng,Admin-Prod,Admin-QA,ContentAdministrators,EditQuestionMetaData] \r\nWorker#5: SeleniumTest.Professional.Tests.Sanity.PQALayoutTests - invoking FixtureSetUp method... \r\nWorker#5: SeleniumTest.Professional.Tests.Sanity.PQALayoutTests - invoking FixtureTearDown method... \r\nWorker#5: SeleniumTest.Common.Scopes.ScopedRegistry`1[[SeleniumTest.Common.Browsers.AbstractBrowser, SeleniumTest, Version=1.0.0.0, Culture=neutral, PublicKeyToken=null]] - Disposing 3 instances of AbstractBrowser \r\n"
                  },
                  "test-case": [
                    {
                      "@id": "0-1165",
                      "@name": "ShouldCheckPriorityFilter_TC1770",
                      "@fullname": "SeleniumTest.Professional.Tests.Sanity.PQALayoutTests.ShouldCheckPriorityFilter_TC1770",
                      "@methodname": "ShouldCheckPriorityFilter_TC1770",
                      "@classname": "SeleniumTest.Professional.Tests.Sanity.PQALayoutTests",
                      "@runstate": "Runnable",
                      "@seed": "1063484543",
                      "@result": "Failed",
                      "@label": "Error",
                      "@start-time": "2016-02-15 15:47:14Z",
                      "@end-time": "2016-02-15 15:47:27Z",
                      "@duration": "12.932960",
                      "@asserts": "0",
                      "failure": {
                        "message": {
                          "#cdata-section": "System.Reflection.TargetInvocationException : Exception has been thrown by the target of an invocation.\r\n  ----> System.TypeInitializationException : The type initializer for 'HtmlElements.ElementFactory' threw an exception.\r\n  ----> System.IO.FileNotFoundException : Could not load file or assembly 'Castle.DynamicProxy2, Version=2.2.0.0, Culture=neutral, PublicKeyToken=407dd0808d44fbdc' or one of its dependencies. The system cannot find the file specified."
                        },
                        "stack-trace": {
                          "#cdata-section": "   at System.RuntimeMethodHandle.InvokeMethod(Object target, Object[] arguments, Signature sig, Boolean constructor)\r\n   at System.Reflection.RuntimeConstructorInfo.Invoke(BindingFlags invokeAttr, Binder binder, Object[] parameters, CultureInfo culture)\r\n   at System.RuntimeType.CreateInstanceImpl(BindingFlags bindingAttr, Binder binder, Object[] args, CultureInfo culture, Object[] activationAttributes, StackCrawlMark& stackMark)\r\n   at System.Activator.CreateInstance(Type type, BindingFlags bindingAttr, Binder binder, Object[] args, CultureInfo culture, Object[] activationAttributes)\r\n   at System.Activator.CreateInstance(Type type, Object[] args)\r\n   at HtmlElements.ObjectFactory.CreatePageObject(Type objecType, ISearchContext searchContext)\r\n   at HtmlElements.ElementActivator.Activate(Type type, ISearchContext context)\r\n   at HtmlElements.ElementActivator.Activate[T](ISearchContext context)\r\n   at SeleniumTest.Professional.Pages.AbstractProfessionalTestFixture.CustomerAskQuestionOnHybridAndExpertLogin()\r\n   at SeleniumTest.Professional.Tests.Sanity.PQALayoutTests.SetupCustomerAndExpert()\r\n   at System.Action.Invoke()\r\n   at SeleniumTest.Common.SeleniumNUnitTestFixture.SetUpMethod()\r\n--TypeInitializationException\r\n   at HtmlElements.ElementFactory.Create(Type type, IElementLocator locator, Boolean cache)\r\n   at HtmlElements.ElementActivator.ValueFor(MemberInfo memberInfo, ElementLocatorFactory locatorFactory)\r\n   at HtmlElements.ElementActivator.Activate(Object target, ISearchContext context)\r\n   at HtmlElements.Elements.HtmlPage..ctor(ISearchContext wrapped)\r\n   at SeleniumTest.Common.AbstractPage..ctor(ISearchContext wrapped)\r\n   at SeleniumTest.JustAnswer.Pages.HomePageIntegration..ctor(ISearchContext wrapped)\r\n--FileNotFoundException\r\n   at HtmlElements.ElementFactory..cctor()"
                        }
                      },
                      "output": {
                        "#cdata-section": "Worker#5: SeleniumTest.Professional.Tests.Sanity.PQALayoutTests - invoking SetUp method... \r\nWorker#5: OpenQA.Selenium.Support.Events.EventFiringWebDriver - navigate to: [http://cruisecontrol.justanswer.local/home-page.aspx?optimizely_disable=true] \r\nWorker#5: SeleniumTest.Professional.Tests.Sanity.PQALayoutTests - SetUp failed \r\nSystem.Reflection.TargetInvocationException: Exception has been thrown by the target of an invocation. ---> System.TypeInitializationException: The type initializer for 'HtmlElements.ElementFactory' threw an exception. ---> System.IO.FileNotFoundException: Could not load file or assembly 'Castle.DynamicProxy2, Version=2.2.0.0, Culture=neutral, PublicKeyToken=407dd0808d44fbdc' or one of its dependencies. The system cannot find the file specified.\r\n   at HtmlElements.ElementFactory..cctor()\r\n   --- End of inner exception stack trace ---\r\n   at HtmlElements.ElementFactory.Create(Type type, IElementLocator locator, Boolean cache)\r\n   at HtmlElements.ElementActivator.ValueFor(MemberInfo memberInfo, ElementLocatorFactory locatorFactory)\r\n   at HtmlElements.ElementActivator.Activate(Object target, ISearchContext context)\r\n   at HtmlElements.Elements.HtmlPage..ctor(ISearchContext wrapped)\r\n   at SeleniumTest.Common.AbstractPage..ctor(ISearchContext wrapped)\r\n   at SeleniumTest.JustAnswer.Pages.HomePageIntegration..ctor(ISearchContext wrapped)\r\n   --- End of inner exception stack trace ---\r\n   at System.RuntimeMethodHandle.InvokeMethod(Object target, Object[] arguments, Signature sig, Boolean constructor)\r\n   at System.Reflection.RuntimeConstructorInfo.Invoke(BindingFlags invokeAttr, Binder binder, Object[] parameters, CultureInfo culture)\r\n   at System.RuntimeType.CreateInstanceImpl(BindingFlags bindingAttr, Binder binder, Object[] args, CultureInfo culture, Object[] activationAttributes, StackCrawlMark& stackMark)\r\n   at System.Activator.CreateInstance(Type type, BindingFlags bindingAttr, Binder binder, Object[] args, CultureInfo culture, Object[] activationAttributes)\r\n   at System.Activator.CreateInstance(Type type, Object[] args)\r\n   at HtmlElements.ObjectFactory.CreatePageObject(Type objecType, ISearchContext searchContext)\r\n   at HtmlElements.ElementActivator.Activate(Type type, ISearchContext context)\r\n   at HtmlElements.ElementActivator.Activate[T](ISearchContext context)\r\n   at SeleniumTest.Professional.Pages.AbstractProfessionalTestFixture.CustomerAskQuestionOnHybridAndExpertLogin()\r\n   at SeleniumTest.Professional.Tests.Sanity.PQALayoutTests.SetupCustomerAndExpert()\r\n   at System.Action.Invoke()\r\n   at SeleniumTest.Common.SeleniumNUnitTestFixture.SetUpMethod()\r\nWorker#5: SeleniumTest.Professional.Tests.Sanity.PQALayoutTests - SetUp failed \r\nSystem.Reflection.TargetInvocationException: Exception has been thrown by the target of an invocation. ---> System.TypeInitializationException: The type initializer for 'HtmlElements.ElementFactory' threw an exception. ---> System.IO.FileNotFoundException: Could not load file or assembly 'Castle.DynamicProxy2, Version=2.2.0.0, Culture=neutral, PublicKeyToken=407dd0808d44fbdc' or one of its dependencies. The system cannot find the file specified.\r\n   at HtmlElements.ElementFactory..cctor()\r\n   --- End of inner exception stack trace ---\r\n   at HtmlElements.ElementFactory.Create(Type type, IElementLocator locator, Boolean cache)\r\n   at HtmlElements.ElementActivator.ValueFor(MemberInfo memberInfo, ElementLocatorFactory locatorFactory)\r\n   at HtmlElements.ElementActivator.Activate(Object target, ISearchContext context)\r\n   at HtmlElements.Elements.HtmlPage..ctor(ISearchContext wrapped)\r\n   at SeleniumTest.Common.AbstractPage..ctor(ISearchContext wrapped)\r\n   at SeleniumTest.JustAnswer.Pages.HomePageIntegration..ctor(ISearchContext wrapped)\r\n   --- End of inner exception stack trace ---\r\n   at System.RuntimeMethodHandle.InvokeMethod(Object target, Object[] arguments, Signature sig, Boolean constructor)\r\n   at System.Reflection.RuntimeConstructorInfo.Invoke(BindingFlags invokeAttr, Binder binder, Object[] parameters, CultureInfo culture)\r\n   at System.RuntimeType.CreateInstanceImpl(BindingFlags bindingAttr, Binder binder, Object[] args, CultureInfo culture, Object[] activationAttributes, StackCrawlMark& stackMark)\r\n   at System.Activator.CreateInstance(Type type, BindingFlags bindingAttr, Binder binder, Object[] args, CultureInfo culture, Object[] activationAttributes)\r\n   at System.Activator.CreateInstance(Type type, Object[] args)\r\n   at HtmlElements.ObjectFactory.CreatePageObject(Type objecType, ISearchContext searchContext)\r\n   at HtmlElements.ElementActivator.Activate(Type type, ISearchContext context)\r\n   at HtmlElements.ElementActivator.Activate[T](ISearchContext context)\r\n   at SeleniumTest.Professional.Pages.AbstractProfessionalTestFixture.CustomerAskQuestionOnHybridAndExpertLogin()\r\n   at SeleniumTest.Professional.Tests.Sanity.PQALayoutTests.SetupCustomerAndExpert()\r\n   at System.Action.Invoke()\r\n   at SeleniumTest.Common.SeleniumNUnitTestFixture.SetUpMethod()\r\nWorker#5: SeleniumTest.Professional.Tests.Sanity.PQALayoutTests - invoking TearDown method ... \r\nWorker#5: SeleniumTest.Common.Scopes.ScopedRegistry`1[[SeleniumTest.Common.Browsers.AbstractBrowser, SeleniumTest, Version=1.0.0.0, Culture=neutral, PublicKeyToken=null]] - Disposing 3 instances of AbstractBrowser \r\n"
                      },
                      "images": {
                        "image": "test-output/0-1165_SeleniumTest_Professional_Tests_Sanity_PQALayoutTests_ShouldCheckPriorityFilter_TC17701.png"
                      }
                    },
                    {
                      "@id": "0-1166",
                      "@name": "ShouldCheckUnratedFilter_TC1770",
                      "@fullname": "SeleniumTest.Professional.Tests.Sanity.PQALayoutTests.ShouldCheckUnratedFilter_TC1770",
                      "@methodname": "ShouldCheckUnratedFilter_TC1770",
                      "@classname": "SeleniumTest.Professional.Tests.Sanity.PQALayoutTests",
                      "@runstate": "Runnable",
                      "@seed": "1135277202",
                      "@result": "Failed",
                      "@label": "Error",
                      "@start-time": "2016-02-15 15:47:27Z",
                      "@end-time": "2016-02-15 15:47:40Z",
                      "@duration": "12.837543",
                      "@asserts": "0",
                      "failure": {
                        "message": {
                          "#cdata-section": "System.Reflection.TargetInvocationException : Exception has been thrown by the target of an invocation.\r\n  ----> System.TypeInitializationException : The type initializer for 'HtmlElements.ElementFactory' threw an exception.\r\n  ----> System.IO.FileNotFoundException : Could not load file or assembly 'Castle.DynamicProxy2, Version=2.2.0.0, Culture=neutral, PublicKeyToken=407dd0808d44fbdc' or one of its dependencies. The system cannot find the file specified."
                        },
                        "stack-trace": {
                          "#cdata-section": "   at System.RuntimeMethodHandle.InvokeMethod(Object target, Object[] arguments, Signature sig, Boolean constructor)\r\n   at System.Reflection.RuntimeConstructorInfo.Invoke(BindingFlags invokeAttr, Binder binder, Object[] parameters, CultureInfo culture)\r\n   at System.RuntimeType.CreateInstanceImpl(BindingFlags bindingAttr, Binder binder, Object[] args, CultureInfo culture, Object[] activationAttributes, StackCrawlMark& stackMark)\r\n   at System.Activator.CreateInstance(Type type, BindingFlags bindingAttr, Binder binder, Object[] args, CultureInfo culture, Object[] activationAttributes)\r\n   at System.Activator.CreateInstance(Type type, Object[] args)\r\n   at HtmlElements.ObjectFactory.CreatePageObject(Type objecType, ISearchContext searchContext)\r\n   at HtmlElements.ElementActivator.Activate(Type type, ISearchContext context)\r\n   at HtmlElements.ElementActivator.Activate[T](ISearchContext context)\r\n   at SeleniumTest.Professional.Pages.AbstractProfessionalTestFixture.CustomerAskQuestionOnHybridAndExpertLogin()\r\n   at SeleniumTest.Professional.Tests.Sanity.PQALayoutTests.SetupCustomerAndExpert()\r\n   at System.Action.Invoke()\r\n   at SeleniumTest.Common.SeleniumNUnitTestFixture.SetUpMethod()\r\n--TypeInitializationException\r\n   at HtmlElements.ElementFactory.Create(Type type, IElementLocator locator, Boolean cache)\r\n   at HtmlElements.ElementActivator.ValueFor(MemberInfo memberInfo, ElementLocatorFactory locatorFactory)\r\n   at HtmlElements.ElementActivator.Activate(Object target, ISearchContext context)\r\n   at HtmlElements.Elements.HtmlPage..ctor(ISearchContext wrapped)\r\n   at SeleniumTest.Common.AbstractPage..ctor(ISearchContext wrapped)\r\n   at SeleniumTest.JustAnswer.Pages.HomePageIntegration..ctor(ISearchContext wrapped)\r\n--FileNotFoundException\r\n   at HtmlElements.ElementFactory..cctor()"
                        }
                      },
                      "output": {
                        "#cdata-section": "Worker#5: SeleniumTest.Professional.Tests.Sanity.PQALayoutTests - invoking SetUp method... \r\nWorker#5: OpenQA.Selenium.Support.Events.EventFiringWebDriver - navigate to: [http://cruisecontrol.justanswer.local/home-page.aspx?optimizely_disable=true] \r\nWorker#5: SeleniumTest.Professional.Tests.Sanity.PQALayoutTests - SetUp failed \r\nSystem.Reflection.TargetInvocationException: Exception has been thrown by the target of an invocation. ---> System.TypeInitializationException: The type initializer for 'HtmlElements.ElementFactory' threw an exception. ---> System.IO.FileNotFoundException: Could not load file or assembly 'Castle.DynamicProxy2, Version=2.2.0.0, Culture=neutral, PublicKeyToken=407dd0808d44fbdc' or one of its dependencies. The system cannot find the file specified.\r\n   at HtmlElements.ElementFactory..cctor()\r\n   --- End of inner exception stack trace ---\r\n   at HtmlElements.ElementFactory.Create(Type type, IElementLocator locator, Boolean cache)\r\n   at HtmlElements.ElementActivator.ValueFor(MemberInfo memberInfo, ElementLocatorFactory locatorFactory)\r\n   at HtmlElements.ElementActivator.Activate(Object target, ISearchContext context)\r\n   at HtmlElements.Elements.HtmlPage..ctor(ISearchContext wrapped)\r\n   at SeleniumTest.Common.AbstractPage..ctor(ISearchContext wrapped)\r\n   at SeleniumTest.JustAnswer.Pages.HomePageIntegration..ctor(ISearchContext wrapped)\r\n   --- End of inner exception stack trace ---\r\n   at System.RuntimeMethodHandle.InvokeMethod(Object target, Object[] arguments, Signature sig, Boolean constructor)\r\n   at System.Reflection.RuntimeConstructorInfo.Invoke(BindingFlags invokeAttr, Binder binder, Object[] parameters, CultureInfo culture)\r\n   at System.RuntimeType.CreateInstanceImpl(BindingFlags bindingAttr, Binder binder, Object[] args, CultureInfo culture, Object[] activationAttributes, StackCrawlMark& stackMark)\r\n   at System.Activator.CreateInstance(Type type, BindingFlags bindingAttr, Binder binder, Object[] args, CultureInfo culture, Object[] activationAttributes)\r\n   at System.Activator.CreateInstance(Type type, Object[] args)\r\n   at HtmlElements.ObjectFactory.CreatePageObject(Type objecType, ISearchContext searchContext)\r\n   at HtmlElements.ElementActivator.Activate(Type type, ISearchContext context)\r\n   at HtmlElements.ElementActivator.Activate[T](ISearchContext context)\r\n   at SeleniumTest.Professional.Pages.AbstractProfessionalTestFixture.CustomerAskQuestionOnHybridAndExpertLogin()\r\n   at SeleniumTest.Professional.Tests.Sanity.PQALayoutTests.SetupCustomerAndExpert()\r\n   at System.Action.Invoke()\r\n   at SeleniumTest.Common.SeleniumNUnitTestFixture.SetUpMethod()\r\nWorker#5: SeleniumTest.Professional.Tests.Sanity.PQALayoutTests - SetUp failed \r\nSystem.Reflection.TargetInvocationException: Exception has been thrown by the target of an invocation. ---> System.TypeInitializationException: The type initializer for 'HtmlElements.ElementFactory' threw an exception. ---> System.IO.FileNotFoundException: Could not load file or assembly 'Castle.DynamicProxy2, Version=2.2.0.0, Culture=neutral, PublicKeyToken=407dd0808d44fbdc' or one of its dependencies. The system cannot find the file specified.\r\n   at HtmlElements.ElementFactory..cctor()\r\n   --- End of inner exception stack trace ---\r\n   at HtmlElements.ElementFactory.Create(Type type, IElementLocator locator, Boolean cache)\r\n   at HtmlElements.ElementActivator.ValueFor(MemberInfo memberInfo, ElementLocatorFactory locatorFactory)\r\n   at HtmlElements.ElementActivator.Activate(Object target, ISearchContext context)\r\n   at HtmlElements.Elements.HtmlPage..ctor(ISearchContext wrapped)\r\n   at SeleniumTest.Common.AbstractPage..ctor(ISearchContext wrapped)\r\n   at SeleniumTest.JustAnswer.Pages.HomePageIntegration..ctor(ISearchContext wrapped)\r\n   --- End of inner exception stack trace ---\r\n   at System.RuntimeMethodHandle.InvokeMethod(Object target, Object[] arguments, Signature sig, Boolean constructor)\r\n   at System.Reflection.RuntimeConstructorInfo.Invoke(BindingFlags invokeAttr, Binder binder, Object[] parameters, CultureInfo culture)\r\n   at System.RuntimeType.CreateInstanceImpl(BindingFlags bindingAttr, Binder binder, Object[] args, CultureInfo culture, Object[] activationAttributes, StackCrawlMark& stackMark)\r\n   at System.Activator.CreateInstance(Type type, BindingFlags bindingAttr, Binder binder, Object[] args, CultureInfo culture, Object[] activationAttributes)\r\n   at System.Activator.CreateInstance(Type type, Object[] args)\r\n   at HtmlElements.ObjectFactory.CreatePageObject(Type objecType, ISearchContext searchContext)\r\n   at HtmlElements.ElementActivator.Activate(Type type, ISearchContext context)\r\n   at HtmlElements.ElementActivator.Activate[T](ISearchContext context)\r\n   at SeleniumTest.Professional.Pages.AbstractProfessionalTestFixture.CustomerAskQuestionOnHybridAndExpertLogin()\r\n   at SeleniumTest.Professional.Tests.Sanity.PQALayoutTests.SetupCustomerAndExpert()\r\n   at System.Action.Invoke()\r\n   at SeleniumTest.Common.SeleniumNUnitTestFixture.SetUpMethod()\r\nWorker#5: SeleniumTest.Professional.Tests.Sanity.PQALayoutTests - invoking TearDown method ... \r\nWorker#5: SeleniumTest.Common.Scopes.ScopedRegistry`1[[SeleniumTest.Common.Browsers.AbstractBrowser, SeleniumTest, Version=1.0.0.0, Culture=neutral, PublicKeyToken=null]] - Disposing 3 instances of AbstractBrowser \r\n"
                      },
                      "images": {
                        "image": "test-output/0-1166_SeleniumTest_Professional_Tests_Sanity_PQALayoutTests_ShouldCheckUnratedFilter_TC17701.png"
                      }
                    },
                    {
                      "@id": "0-1164",
                      "@name": "ShouldVerifyAcceptAdService_TC1770",
                      "@fullname": "SeleniumTest.Professional.Tests.Sanity.PQALayoutTests.ShouldVerifyAcceptAdService_TC1770",
                      "@methodname": "ShouldVerifyAcceptAdService_TC1770",
                      "@classname": "SeleniumTest.Professional.Tests.Sanity.PQALayoutTests",
                      "@runstate": "Runnable",
                      "@seed": "1063529976",
                      "@result": "Failed",
                      "@label": "Error",
                      "@start-time": "2016-02-15 15:47:40Z",
                      "@end-time": "2016-02-15 15:47:50Z",
                      "@duration": "10.034775",
                      "@asserts": "0",
                      "failure": {
                        "message": {
                          "#cdata-section": "System.Reflection.TargetInvocationException : Exception has been thrown by the target of an invocation.\r\n  ----> System.TypeInitializationException : The type initializer for 'HtmlElements.ElementFactory' threw an exception.\r\n  ----> System.IO.FileNotFoundException : Could not load file or assembly 'Castle.DynamicProxy2, Version=2.2.0.0, Culture=neutral, PublicKeyToken=407dd0808d44fbdc' or one of its dependencies. The system cannot find the file specified."
                        },
                        "stack-trace": {
                          "#cdata-section": "   at System.RuntimeMethodHandle.InvokeMethod(Object target, Object[] arguments, Signature sig, Boolean constructor)\r\n   at System.Reflection.RuntimeConstructorInfo.Invoke(BindingFlags invokeAttr, Binder binder, Object[] parameters, CultureInfo culture)\r\n   at System.RuntimeType.CreateInstanceImpl(BindingFlags bindingAttr, Binder binder, Object[] args, CultureInfo culture, Object[] activationAttributes, StackCrawlMark& stackMark)\r\n   at System.Activator.CreateInstance(Type type, BindingFlags bindingAttr, Binder binder, Object[] args, CultureInfo culture, Object[] activationAttributes)\r\n   at System.Activator.CreateInstance(Type type, Object[] args)\r\n   at HtmlElements.ObjectFactory.CreatePageObject(Type objecType, ISearchContext searchContext)\r\n   at HtmlElements.ElementActivator.Activate(Type type, ISearchContext context)\r\n   at HtmlElements.ElementActivator.Activate[T](ISearchContext context)\r\n   at SeleniumTest.Professional.Pages.AbstractProfessionalTestFixture.CustomerAskQuestionOnHybridAndExpertLogin()\r\n   at SeleniumTest.Professional.Tests.Sanity.PQALayoutTests.SetupCustomerAndExpert()\r\n   at System.Action.Invoke()\r\n   at SeleniumTest.Common.SeleniumNUnitTestFixture.SetUpMethod()\r\n--TypeInitializationException\r\n   at HtmlElements.ElementFactory.Create(Type type, IElementLocator locator, Boolean cache)\r\n   at HtmlElements.ElementActivator.ValueFor(MemberInfo memberInfo, ElementLocatorFactory locatorFactory)\r\n   at HtmlElements.ElementActivator.Activate(Object target, ISearchContext context)\r\n   at HtmlElements.Elements.HtmlPage..ctor(ISearchContext wrapped)\r\n   at SeleniumTest.Common.AbstractPage..ctor(ISearchContext wrapped)\r\n   at SeleniumTest.JustAnswer.Pages.HomePageIntegration..ctor(ISearchContext wrapped)\r\n--FileNotFoundException\r\n   at HtmlElements.ElementFactory..cctor()"
                        }
                      },
                      "output": {
                        "#cdata-section": "Worker#5: SeleniumTest.Professional.Tests.Sanity.PQALayoutTests - invoking SetUp method... \r\nWorker#5: OpenQA.Selenium.Support.Events.EventFiringWebDriver - navigate to: [http://cruisecontrol.justanswer.local/home-page.aspx?optimizely_disable=true] \r\nWorker#5: SeleniumTest.Professional.Tests.Sanity.PQALayoutTests - SetUp failed \r\nSystem.Reflection.TargetInvocationException: Exception has been thrown by the target of an invocation. ---> System.TypeInitializationException: The type initializer for 'HtmlElements.ElementFactory' threw an exception. ---> System.IO.FileNotFoundException: Could not load file or assembly 'Castle.DynamicProxy2, Version=2.2.0.0, Culture=neutral, PublicKeyToken=407dd0808d44fbdc' or one of its dependencies. The system cannot find the file specified.\r\n   at HtmlElements.ElementFactory..cctor()\r\n   --- End of inner exception stack trace ---\r\n   at HtmlElements.ElementFactory.Create(Type type, IElementLocator locator, Boolean cache)\r\n   at HtmlElements.ElementActivator.ValueFor(MemberInfo memberInfo, ElementLocatorFactory locatorFactory)\r\n   at HtmlElements.ElementActivator.Activate(Object target, ISearchContext context)\r\n   at HtmlElements.Elements.HtmlPage..ctor(ISearchContext wrapped)\r\n   at SeleniumTest.Common.AbstractPage..ctor(ISearchContext wrapped)\r\n   at SeleniumTest.JustAnswer.Pages.HomePageIntegration..ctor(ISearchContext wrapped)\r\n   --- End of inner exception stack trace ---\r\n   at System.RuntimeMethodHandle.InvokeMethod(Object target, Object[] arguments, Signature sig, Boolean constructor)\r\n   at System.Reflection.RuntimeConstructorInfo.Invoke(BindingFlags invokeAttr, Binder binder, Object[] parameters, CultureInfo culture)\r\n   at System.RuntimeType.CreateInstanceImpl(BindingFlags bindingAttr, Binder binder, Object[] args, CultureInfo culture, Object[] activationAttributes, StackCrawlMark& stackMark)\r\n   at System.Activator.CreateInstance(Type type, BindingFlags bindingAttr, Binder binder, Object[] args, CultureInfo culture, Object[] activationAttributes)\r\n   at System.Activator.CreateInstance(Type type, Object[] args)\r\n   at HtmlElements.ObjectFactory.CreatePageObject(Type objecType, ISearchContext searchContext)\r\n   at HtmlElements.ElementActivator.Activate(Type type, ISearchContext context)\r\n   at HtmlElements.ElementActivator.Activate[T](ISearchContext context)\r\n   at SeleniumTest.Professional.Pages.AbstractProfessionalTestFixture.CustomerAskQuestionOnHybridAndExpertLogin()\r\n   at SeleniumTest.Professional.Tests.Sanity.PQALayoutTests.SetupCustomerAndExpert()\r\n   at System.Action.Invoke()\r\n   at SeleniumTest.Common.SeleniumNUnitTestFixture.SetUpMethod()\r\nWorker#5: SeleniumTest.Professional.Tests.Sanity.PQALayoutTests - SetUp failed \r\nSystem.Reflection.TargetInvocationException: Exception has been thrown by the target of an invocation. ---> System.TypeInitializationException: The type initializer for 'HtmlElements.ElementFactory' threw an exception. ---> System.IO.FileNotFoundException: Could not load file or assembly 'Castle.DynamicProxy2, Version=2.2.0.0, Culture=neutral, PublicKeyToken=407dd0808d44fbdc' or one of its dependencies. The system cannot find the file specified.\r\n   at HtmlElements.ElementFactory..cctor()\r\n   --- End of inner exception stack trace ---\r\n   at HtmlElements.ElementFactory.Create(Type type, IElementLocator locator, Boolean cache)\r\n   at HtmlElements.ElementActivator.ValueFor(MemberInfo memberInfo, ElementLocatorFactory locatorFactory)\r\n   at HtmlElements.ElementActivator.Activate(Object target, ISearchContext context)\r\n   at HtmlElements.Elements.HtmlPage..ctor(ISearchContext wrapped)\r\n   at SeleniumTest.Common.AbstractPage..ctor(ISearchContext wrapped)\r\n   at SeleniumTest.JustAnswer.Pages.HomePageIntegration..ctor(ISearchContext wrapped)\r\n   --- End of inner exception stack trace ---\r\n   at System.RuntimeMethodHandle.InvokeMethod(Object target, Object[] arguments, Signature sig, Boolean constructor)\r\n   at System.Reflection.RuntimeConstructorInfo.Invoke(BindingFlags invokeAttr, Binder binder, Object[] parameters, CultureInfo culture)\r\n   at System.RuntimeType.CreateInstanceImpl(BindingFlags bindingAttr, Binder binder, Object[] args, CultureInfo culture, Object[] activationAttributes, StackCrawlMark& stackMark)\r\n   at System.Activator.CreateInstance(Type type, BindingFlags bindingAttr, Binder binder, Object[] args, CultureInfo culture, Object[] activationAttributes)\r\n   at System.Activator.CreateInstance(Type type, Object[] args)\r\n   at HtmlElements.ObjectFactory.CreatePageObject(Type objecType, ISearchContext searchContext)\r\n   at HtmlElements.ElementActivator.Activate(Type type, ISearchContext context)\r\n   at HtmlElements.ElementActivator.Activate[T](ISearchContext context)\r\n   at SeleniumTest.Professional.Pages.AbstractProfessionalTestFixture.CustomerAskQuestionOnHybridAndExpertLogin()\r\n   at SeleniumTest.Professional.Tests.Sanity.PQALayoutTests.SetupCustomerAndExpert()\r\n   at System.Action.Invoke()\r\n   at SeleniumTest.Common.SeleniumNUnitTestFixture.SetUpMethod()\r\nWorker#5: SeleniumTest.Professional.Tests.Sanity.PQALayoutTests - invoking TearDown method ... \r\nWorker#5: SeleniumTest.Common.Scopes.ScopedRegistry`1[[SeleniumTest.Common.Browsers.AbstractBrowser, SeleniumTest, Version=1.0.0.0, Culture=neutral, PublicKeyToken=null]] - Disposing 3 instances of AbstractBrowser \r\n"
                      },
                      "images": {
                        "image": "test-output/0-1164_SeleniumTest_Professional_Tests_Sanity_PQALayoutTests_ShouldVerifyAcceptAdService_TC17701.png"
                      }
                    },
                    {
                      "@id": "0-1160",
                      "@name": "ShouldVerifyPQALayout_TC1770",
                      "@fullname": "SeleniumTest.Professional.Tests.Sanity.PQALayoutTests.ShouldVerifyPQALayout_TC1770",
                      "@methodname": "ShouldVerifyPQALayout_TC1770",
                      "@classname": "SeleniumTest.Professional.Tests.Sanity.PQALayoutTests",
                      "@runstate": "Runnable",
                      "@seed": "348575209",
                      "@result": "Failed",
                      "@label": "Error",
                      "@start-time": "2016-02-15 15:47:50Z",
                      "@end-time": "2016-02-15 15:48:01Z",
                      "@duration": "11.033412",
                      "@asserts": "0",
                      "properties": {
                        "property": {
                          "@name": "Description",
                          "@value": "Verify PQA has proper layout"
                        }
                      },
                      "failure": {
                        "message": {
                          "#cdata-section": "System.Reflection.TargetInvocationException : Exception has been thrown by the target of an invocation.\r\n  ----> System.TypeInitializationException : The type initializer for 'HtmlElements.ElementFactory' threw an exception.\r\n  ----> System.IO.FileNotFoundException : Could not load file or assembly 'Castle.DynamicProxy2, Version=2.2.0.0, Culture=neutral, PublicKeyToken=407dd0808d44fbdc' or one of its dependencies. The system cannot find the file specified."
                        },
                        "stack-trace": {
                          "#cdata-section": "   at System.RuntimeMethodHandle.InvokeMethod(Object target, Object[] arguments, Signature sig, Boolean constructor)\r\n   at System.Reflection.RuntimeConstructorInfo.Invoke(BindingFlags invokeAttr, Binder binder, Object[] parameters, CultureInfo culture)\r\n   at System.RuntimeType.CreateInstanceImpl(BindingFlags bindingAttr, Binder binder, Object[] args, CultureInfo culture, Object[] activationAttributes, StackCrawlMark& stackMark)\r\n   at System.Activator.CreateInstance(Type type, BindingFlags bindingAttr, Binder binder, Object[] args, CultureInfo culture, Object[] activationAttributes)\r\n   at System.Activator.CreateInstance(Type type, Object[] args)\r\n   at HtmlElements.ObjectFactory.CreatePageObject(Type objecType, ISearchContext searchContext)\r\n   at HtmlElements.ElementActivator.Activate(Type type, ISearchContext context)\r\n   at HtmlElements.ElementActivator.Activate[T](ISearchContext context)\r\n   at SeleniumTest.Professional.Pages.AbstractProfessionalTestFixture.CustomerAskQuestionOnHybridAndExpertLogin()\r\n   at SeleniumTest.Professional.Tests.Sanity.PQALayoutTests.SetupCustomerAndExpert()\r\n   at System.Action.Invoke()\r\n   at SeleniumTest.Common.SeleniumNUnitTestFixture.SetUpMethod()\r\n--TypeInitializationException\r\n   at HtmlElements.ElementFactory.Create(Type type, IElementLocator locator, Boolean cache)\r\n   at HtmlElements.ElementActivator.ValueFor(MemberInfo memberInfo, ElementLocatorFactory locatorFactory)\r\n   at HtmlElements.ElementActivator.Activate(Object target, ISearchContext context)\r\n   at HtmlElements.Elements.HtmlPage..ctor(ISearchContext wrapped)\r\n   at SeleniumTest.Common.AbstractPage..ctor(ISearchContext wrapped)\r\n   at SeleniumTest.JustAnswer.Pages.HomePageIntegration..ctor(ISearchContext wrapped)\r\n--FileNotFoundException\r\n   at HtmlElements.ElementFactory..cctor()"
                        }
                      },
                      "output": {
                        "#cdata-section": "Worker#5: SeleniumTest.Professional.Tests.Sanity.PQALayoutTests - invoking SetUp method... \r\nWorker#5: OpenQA.Selenium.Support.Events.EventFiringWebDriver - navigate to: [http://cruisecontrol.justanswer.local/home-page.aspx?optimizely_disable=true] \r\nWorker#5: SeleniumTest.Professional.Tests.Sanity.PQALayoutTests - SetUp failed \r\nSystem.Reflection.TargetInvocationException: Exception has been thrown by the target of an invocation. ---> System.TypeInitializationException: The type initializer for 'HtmlElements.ElementFactory' threw an exception. ---> System.IO.FileNotFoundException: Could not load file or assembly 'Castle.DynamicProxy2, Version=2.2.0.0, Culture=neutral, PublicKeyToken=407dd0808d44fbdc' or one of its dependencies. The system cannot find the file specified.\r\n   at HtmlElements.ElementFactory..cctor()\r\n   --- End of inner exception stack trace ---\r\n   at HtmlElements.ElementFactory.Create(Type type, IElementLocator locator, Boolean cache)\r\n   at HtmlElements.ElementActivator.ValueFor(MemberInfo memberInfo, ElementLocatorFactory locatorFactory)\r\n   at HtmlElements.ElementActivator.Activate(Object target, ISearchContext context)\r\n   at HtmlElements.Elements.HtmlPage..ctor(ISearchContext wrapped)\r\n   at SeleniumTest.Common.AbstractPage..ctor(ISearchContext wrapped)\r\n   at SeleniumTest.JustAnswer.Pages.HomePageIntegration..ctor(ISearchContext wrapped)\r\n   --- End of inner exception stack trace ---\r\n   at System.RuntimeMethodHandle.InvokeMethod(Object target, Object[] arguments, Signature sig, Boolean constructor)\r\n   at System.Reflection.RuntimeConstructorInfo.Invoke(BindingFlags invokeAttr, Binder binder, Object[] parameters, CultureInfo culture)\r\n   at System.RuntimeType.CreateInstanceImpl(BindingFlags bindingAttr, Binder binder, Object[] args, CultureInfo culture, Object[] activationAttributes, StackCrawlMark& stackMark)\r\n   at System.Activator.CreateInstance(Type type, BindingFlags bindingAttr, Binder binder, Object[] args, CultureInfo culture, Object[] activationAttributes)\r\n   at System.Activator.CreateInstance(Type type, Object[] args)\r\n   at HtmlElements.ObjectFactory.CreatePageObject(Type objecType, ISearchContext searchContext)\r\n   at HtmlElements.ElementActivator.Activate(Type type, ISearchContext context)\r\n   at HtmlElements.ElementActivator.Activate[T](ISearchContext context)\r\n   at SeleniumTest.Professional.Pages.AbstractProfessionalTestFixture.CustomerAskQuestionOnHybridAndExpertLogin()\r\n   at SeleniumTest.Professional.Tests.Sanity.PQALayoutTests.SetupCustomerAndExpert()\r\n   at System.Action.Invoke()\r\n   at SeleniumTest.Common.SeleniumNUnitTestFixture.SetUpMethod()\r\nWorker#5: SeleniumTest.Professional.Tests.Sanity.PQALayoutTests - SetUp failed \r\nSystem.Reflection.TargetInvocationException: Exception has been thrown by the target of an invocation. ---> System.TypeInitializationException: The type initializer for 'HtmlElements.ElementFactory' threw an exception. ---> System.IO.FileNotFoundException: Could not load file or assembly 'Castle.DynamicProxy2, Version=2.2.0.0, Culture=neutral, PublicKeyToken=407dd0808d44fbdc' or one of its dependencies. The system cannot find the file specified.\r\n   at HtmlElements.ElementFactory..cctor()\r\n   --- End of inner exception stack trace ---\r\n   at HtmlElements.ElementFactory.Create(Type type, IElementLocator locator, Boolean cache)\r\n   at HtmlElements.ElementActivator.ValueFor(MemberInfo memberInfo, ElementLocatorFactory locatorFactory)\r\n   at HtmlElements.ElementActivator.Activate(Object target, ISearchContext context)\r\n   at HtmlElements.Elements.HtmlPage..ctor(ISearchContext wrapped)\r\n   at SeleniumTest.Common.AbstractPage..ctor(ISearchContext wrapped)\r\n   at SeleniumTest.JustAnswer.Pages.HomePageIntegration..ctor(ISearchContext wrapped)\r\n   --- End of inner exception stack trace ---\r\n   at System.RuntimeMethodHandle.InvokeMethod(Object target, Object[] arguments, Signature sig, Boolean constructor)\r\n   at System.Reflection.RuntimeConstructorInfo.Invoke(BindingFlags invokeAttr, Binder binder, Object[] parameters, CultureInfo culture)\r\n   at System.RuntimeType.CreateInstanceImpl(BindingFlags bindingAttr, Binder binder, Object[] args, CultureInfo culture, Object[] activationAttributes, StackCrawlMark& stackMark)\r\n   at System.Activator.CreateInstance(Type type, BindingFlags bindingAttr, Binder binder, Object[] args, CultureInfo culture, Object[] activationAttributes)\r\n   at System.Activator.CreateInstance(Type type, Object[] args)\r\n   at HtmlElements.ObjectFactory.CreatePageObject(Type objecType, ISearchContext searchContext)\r\n   at HtmlElements.ElementActivator.Activate(Type type, ISearchContext context)\r\n   at HtmlElements.ElementActivator.Activate[T](ISearchContext context)\r\n   at SeleniumTest.Professional.Pages.AbstractProfessionalTestFixture.CustomerAskQuestionOnHybridAndExpertLogin()\r\n   at SeleniumTest.Professional.Tests.Sanity.PQALayoutTests.SetupCustomerAndExpert()\r\n   at System.Action.Invoke()\r\n   at SeleniumTest.Common.SeleniumNUnitTestFixture.SetUpMethod()\r\nWorker#5: SeleniumTest.Professional.Tests.Sanity.PQALayoutTests - invoking TearDown method ... \r\nWorker#5: SeleniumTest.Common.Scopes.ScopedRegistry`1[[SeleniumTest.Common.Browsers.AbstractBrowser, SeleniumTest, Version=1.0.0.0, Culture=neutral, PublicKeyToken=null]] - Disposing 3 instances of AbstractBrowser \r\n"
                      },
                      "images": {
                        "image": "test-output/0-1160_SeleniumTest_Professional_Tests_Sanity_PQALayoutTests_ShouldVerifyPQALayout_TC17701.png"
                      }
                    }
                  ],
                  "test-suite": {
                    "@type": "ParameterizedMethod",
                    "@id": "0-1163",
                    "@name": "ShouldVerifyPQARateNegativelyPositively_TC1770",
                    "@fullname": "SeleniumTest.Professional.Tests.Sanity.PQALayoutTests.ShouldVerifyPQARateNegativelyPositively_TC1770",
                    "@runstate": "Runnable",
                    "@testcasecount": "2",
                    "@result": "Failed",
                    "@site": "Child",
                    "@start-time": "2016-02-15 15:48:01Z",
                    "@end-time": "2016-02-15 15:48:23Z",
                    "@duration": "22.574231",
                    "@total": "2",
                    "@passed": "0",
                    "@failed": "2",
                    "@inconclusive": "0",
                    "@skipped": "0",
                    "@asserts": "0",
                    "failure": {
                      "message": {
                        "#cdata-section": "One or more child tests had errors"
                      }
                    },
                    "test-case": [
                      {
                        "@id": "0-1161",
                        "@name": "ShouldVerifyPQARateNegativelyPositively_TC1770(4,\"The customer has accepted an answer!\")",
                        "@fullname": "SeleniumTest.Professional.Tests.Sanity.PQALayoutTests.ShouldVerifyPQARateNegativelyPositively_TC1770(4,\"The customer has accepted an answer!\")",
                        "@methodname": "ShouldVerifyPQARateNegativelyPositively_TC1770",
                        "@classname": "SeleniumTest.Professional.Tests.Sanity.PQALayoutTests",
                        "@runstate": "Runnable",
                        "@seed": "2120667511",
                        "@result": "Failed",
                        "@label": "Error",
                        "@start-time": "2016-02-15 15:48:01Z",
                        "@end-time": "2016-02-15 15:48:11Z",
                        "@duration": "9.936361",
                        "@asserts": "0",
                        "failure": {
                          "message": {
                            "#cdata-section": "System.Reflection.TargetInvocationException : Exception has been thrown by the target of an invocation.\r\n  ----> System.TypeInitializationException : The type initializer for 'HtmlElements.ElementFactory' threw an exception.\r\n  ----> System.IO.FileNotFoundException : Could not load file or assembly 'Castle.DynamicProxy2, Version=2.2.0.0, Culture=neutral, PublicKeyToken=407dd0808d44fbdc' or one of its dependencies. The system cannot find the file specified."
                          },
                          "stack-trace": {
                            "#cdata-section": "   at System.RuntimeMethodHandle.InvokeMethod(Object target, Object[] arguments, Signature sig, Boolean constructor)\r\n   at System.Reflection.RuntimeConstructorInfo.Invoke(BindingFlags invokeAttr, Binder binder, Object[] parameters, CultureInfo culture)\r\n   at System.RuntimeType.CreateInstanceImpl(BindingFlags bindingAttr, Binder binder, Object[] args, CultureInfo culture, Object[] activationAttributes, StackCrawlMark& stackMark)\r\n   at System.Activator.CreateInstance(Type type, BindingFlags bindingAttr, Binder binder, Object[] args, CultureInfo culture, Object[] activationAttributes)\r\n   at System.Activator.CreateInstance(Type type, Object[] args)\r\n   at HtmlElements.ObjectFactory.CreatePageObject(Type objecType, ISearchContext searchContext)\r\n   at HtmlElements.ElementActivator.Activate(Type type, ISearchContext context)\r\n   at HtmlElements.ElementActivator.Activate[T](ISearchContext context)\r\n   at SeleniumTest.Professional.Pages.AbstractProfessionalTestFixture.CustomerAskQuestionOnHybridAndExpertLogin()\r\n   at SeleniumTest.Professional.Tests.Sanity.PQALayoutTests.SetupCustomerAndExpert()\r\n   at System.Action.Invoke()\r\n   at SeleniumTest.Common.SeleniumNUnitTestFixture.SetUpMethod()\r\n--TypeInitializationException\r\n   at HtmlElements.ElementFactory.Create(Type type, IElementLocator locator, Boolean cache)\r\n   at HtmlElements.ElementActivator.ValueFor(MemberInfo memberInfo, ElementLocatorFactory locatorFactory)\r\n   at HtmlElements.ElementActivator.Activate(Object target, ISearchContext context)\r\n   at HtmlElements.Elements.HtmlPage..ctor(ISearchContext wrapped)\r\n   at SeleniumTest.Common.AbstractPage..ctor(ISearchContext wrapped)\r\n   at SeleniumTest.JustAnswer.Pages.HomePageIntegration..ctor(ISearchContext wrapped)\r\n--FileNotFoundException\r\n   at HtmlElements.ElementFactory..cctor()"
                          }
                        },
                        "output": {
                          "#cdata-section": "Worker#5: SeleniumTest.Professional.Tests.Sanity.PQALayoutTests - invoking SetUp method... \r\nWorker#5: OpenQA.Selenium.Support.Events.EventFiringWebDriver - navigate to: [http://cruisecontrol.justanswer.local/home-page.aspx?optimizely_disable=true] \r\nWorker#5: SeleniumTest.Professional.Tests.Sanity.PQALayoutTests - SetUp failed \r\nSystem.Reflection.TargetInvocationException: Exception has been thrown by the target of an invocation. ---> System.TypeInitializationException: The type initializer for 'HtmlElements.ElementFactory' threw an exception. ---> System.IO.FileNotFoundException: Could not load file or assembly 'Castle.DynamicProxy2, Version=2.2.0.0, Culture=neutral, PublicKeyToken=407dd0808d44fbdc' or one of its dependencies. The system cannot find the file specified.\r\n   at HtmlElements.ElementFactory..cctor()\r\n   --- End of inner exception stack trace ---\r\n   at HtmlElements.ElementFactory.Create(Type type, IElementLocator locator, Boolean cache)\r\n   at HtmlElements.ElementActivator.ValueFor(MemberInfo memberInfo, ElementLocatorFactory locatorFactory)\r\n   at HtmlElements.ElementActivator.Activate(Object target, ISearchContext context)\r\n   at HtmlElements.Elements.HtmlPage..ctor(ISearchContext wrapped)\r\n   at SeleniumTest.Common.AbstractPage..ctor(ISearchContext wrapped)\r\n   at SeleniumTest.JustAnswer.Pages.HomePageIntegration..ctor(ISearchContext wrapped)\r\n   --- End of inner exception stack trace ---\r\n   at System.RuntimeMethodHandle.InvokeMethod(Object target, Object[] arguments, Signature sig, Boolean constructor)\r\n   at System.Reflection.RuntimeConstructorInfo.Invoke(BindingFlags invokeAttr, Binder binder, Object[] parameters, CultureInfo culture)\r\n   at System.RuntimeType.CreateInstanceImpl(BindingFlags bindingAttr, Binder binder, Object[] args, CultureInfo culture, Object[] activationAttributes, StackCrawlMark& stackMark)\r\n   at System.Activator.CreateInstance(Type type, BindingFlags bindingAttr, Binder binder, Object[] args, CultureInfo culture, Object[] activationAttributes)\r\n   at System.Activator.CreateInstance(Type type, Object[] args)\r\n   at HtmlElements.ObjectFactory.CreatePageObject(Type objecType, ISearchContext searchContext)\r\n   at HtmlElements.ElementActivator.Activate(Type type, ISearchContext context)\r\n   at HtmlElements.ElementActivator.Activate[T](ISearchContext context)\r\n   at SeleniumTest.Professional.Pages.AbstractProfessionalTestFixture.CustomerAskQuestionOnHybridAndExpertLogin()\r\n   at SeleniumTest.Professional.Tests.Sanity.PQALayoutTests.SetupCustomerAndExpert()\r\n   at System.Action.Invoke()\r\n   at SeleniumTest.Common.SeleniumNUnitTestFixture.SetUpMethod()\r\nWorker#5: SeleniumTest.Professional.Tests.Sanity.PQALayoutTests - SetUp failed \r\nSystem.Reflection.TargetInvocationException: Exception has been thrown by the target of an invocation. ---> System.TypeInitializationException: The type initializer for 'HtmlElements.ElementFactory' threw an exception. ---> System.IO.FileNotFoundException: Could not load file or assembly 'Castle.DynamicProxy2, Version=2.2.0.0, Culture=neutral, PublicKeyToken=407dd0808d44fbdc' or one of its dependencies. The system cannot find the file specified.\r\n   at HtmlElements.ElementFactory..cctor()\r\n   --- End of inner exception stack trace ---\r\n   at HtmlElements.ElementFactory.Create(Type type, IElementLocator locator, Boolean cache)\r\n   at HtmlElements.ElementActivator.ValueFor(MemberInfo memberInfo, ElementLocatorFactory locatorFactory)\r\n   at HtmlElements.ElementActivator.Activate(Object target, ISearchContext context)\r\n   at HtmlElements.Elements.HtmlPage..ctor(ISearchContext wrapped)\r\n   at SeleniumTest.Common.AbstractPage..ctor(ISearchContext wrapped)\r\n   at SeleniumTest.JustAnswer.Pages.HomePageIntegration..ctor(ISearchContext wrapped)\r\n   --- End of inner exception stack trace ---\r\n   at System.RuntimeMethodHandle.InvokeMethod(Object target, Object[] arguments, Signature sig, Boolean constructor)\r\n   at System.Reflection.RuntimeConstructorInfo.Invoke(BindingFlags invokeAttr, Binder binder, Object[] parameters, CultureInfo culture)\r\n   at System.RuntimeType.CreateInstanceImpl(BindingFlags bindingAttr, Binder binder, Object[] args, CultureInfo culture, Object[] activationAttributes, StackCrawlMark& stackMark)\r\n   at System.Activator.CreateInstance(Type type, BindingFlags bindingAttr, Binder binder, Object[] args, CultureInfo culture, Object[] activationAttributes)\r\n   at System.Activator.CreateInstance(Type type, Object[] args)\r\n   at HtmlElements.ObjectFactory.CreatePageObject(Type objecType, ISearchContext searchContext)\r\n   at HtmlElements.ElementActivator.Activate(Type type, ISearchContext context)\r\n   at HtmlElements.ElementActivator.Activate[T](ISearchContext context)\r\n   at SeleniumTest.Professional.Pages.AbstractProfessionalTestFixture.CustomerAskQuestionOnHybridAndExpertLogin()\r\n   at SeleniumTest.Professional.Tests.Sanity.PQALayoutTests.SetupCustomerAndExpert()\r\n   at System.Action.Invoke()\r\n   at SeleniumTest.Common.SeleniumNUnitTestFixture.SetUpMethod()\r\nWorker#5: SeleniumTest.Professional.Tests.Sanity.PQALayoutTests - invoking TearDown method ... \r\nWorker#5: SeleniumTest.Common.Scopes.ScopedRegistry`1[[SeleniumTest.Common.Browsers.AbstractBrowser, SeleniumTest, Version=1.0.0.0, Culture=neutral, PublicKeyToken=null]] - Disposing 3 instances of AbstractBrowser \r\n"
                        },
                        "images": {
                          "image": "test-output/0-1161_SeleniumTest_Professional_Tests_Sanity_PQALayoutTests_ShouldVerifyPQARateNegativelyPositively_TC1770_4_The_customer_has_accepted_an_answer_1.png"
                        }
                      },
                      {
                        "@id": "0-1162",
                        "@name": "ShouldVerifyPQARateNegativelyPositively_TC1770(1,\"The customer has given a negative rat...\")",
                        "@fullname": "SeleniumTest.Professional.Tests.Sanity.PQALayoutTests.ShouldVerifyPQARateNegativelyPositively_TC1770(1,\"The customer has given a negative rat...\")",
                        "@methodname": "ShouldVerifyPQARateNegativelyPositively_TC1770",
                        "@classname": "SeleniumTest.Professional.Tests.Sanity.PQALayoutTests",
                        "@runstate": "Runnable",
                        "@seed": "432998507",
                        "@result": "Failed",
                        "@label": "Error",
                        "@start-time": "2016-02-15 15:48:11Z",
                        "@end-time": "2016-02-15 15:48:23Z",
                        "@duration": "12.612015",
                        "@asserts": "0",
                        "failure": {
                          "message": {
                            "#cdata-section": "System.Reflection.TargetInvocationException : Exception has been thrown by the target of an invocation.\r\n  ----> System.TypeInitializationException : The type initializer for 'HtmlElements.ElementFactory' threw an exception.\r\n  ----> System.IO.FileNotFoundException : Could not load file or assembly 'Castle.DynamicProxy2, Version=2.2.0.0, Culture=neutral, PublicKeyToken=407dd0808d44fbdc' or one of its dependencies. The system cannot find the file specified."
                          },
                          "stack-trace": {
                            "#cdata-section": "   at System.RuntimeMethodHandle.InvokeMethod(Object target, Object[] arguments, Signature sig, Boolean constructor)\r\n   at System.Reflection.RuntimeConstructorInfo.Invoke(BindingFlags invokeAttr, Binder binder, Object[] parameters, CultureInfo culture)\r\n   at System.RuntimeType.CreateInstanceImpl(BindingFlags bindingAttr, Binder binder, Object[] args, CultureInfo culture, Object[] activationAttributes, StackCrawlMark& stackMark)\r\n   at System.Activator.CreateInstance(Type type, BindingFlags bindingAttr, Binder binder, Object[] args, CultureInfo culture, Object[] activationAttributes)\r\n   at System.Activator.CreateInstance(Type type, Object[] args)\r\n   at HtmlElements.ObjectFactory.CreatePageObject(Type objecType, ISearchContext searchContext)\r\n   at HtmlElements.ElementActivator.Activate(Type type, ISearchContext context)\r\n   at HtmlElements.ElementActivator.Activate[T](ISearchContext context)\r\n   at SeleniumTest.Professional.Pages.AbstractProfessionalTestFixture.CustomerAskQuestionOnHybridAndExpertLogin()\r\n   at SeleniumTest.Professional.Tests.Sanity.PQALayoutTests.SetupCustomerAndExpert()\r\n   at System.Action.Invoke()\r\n   at SeleniumTest.Common.SeleniumNUnitTestFixture.SetUpMethod()\r\n--TypeInitializationException\r\n   at HtmlElements.ElementFactory.Create(Type type, IElementLocator locator, Boolean cache)\r\n   at HtmlElements.ElementActivator.ValueFor(MemberInfo memberInfo, ElementLocatorFactory locatorFactory)\r\n   at HtmlElements.ElementActivator.Activate(Object target, ISearchContext context)\r\n   at HtmlElements.Elements.HtmlPage..ctor(ISearchContext wrapped)\r\n   at SeleniumTest.Common.AbstractPage..ctor(ISearchContext wrapped)\r\n   at SeleniumTest.JustAnswer.Pages.HomePageIntegration..ctor(ISearchContext wrapped)\r\n--FileNotFoundException\r\n   at HtmlElements.ElementFactory..cctor()"
                          }
                        },
                        "output": {
                          "#cdata-section": "Worker#5: SeleniumTest.Professional.Tests.Sanity.PQALayoutTests - invoking SetUp method... \r\nWorker#5: OpenQA.Selenium.Support.Events.EventFiringWebDriver - navigate to: [http://cruisecontrol.justanswer.local/home-page.aspx?optimizely_disable=true] \r\nWorker#5: SeleniumTest.Professional.Tests.Sanity.PQALayoutTests - SetUp failed \r\nSystem.Reflection.TargetInvocationException: Exception has been thrown by the target of an invocation. ---> System.TypeInitializationException: The type initializer for 'HtmlElements.ElementFactory' threw an exception. ---> System.IO.FileNotFoundException: Could not load file or assembly 'Castle.DynamicProxy2, Version=2.2.0.0, Culture=neutral, PublicKeyToken=407dd0808d44fbdc' or one of its dependencies. The system cannot find the file specified.\r\n   at HtmlElements.ElementFactory..cctor()\r\n   --- End of inner exception stack trace ---\r\n   at HtmlElements.ElementFactory.Create(Type type, IElementLocator locator, Boolean cache)\r\n   at HtmlElements.ElementActivator.ValueFor(MemberInfo memberInfo, ElementLocatorFactory locatorFactory)\r\n   at HtmlElements.ElementActivator.Activate(Object target, ISearchContext context)\r\n   at HtmlElements.Elements.HtmlPage..ctor(ISearchContext wrapped)\r\n   at SeleniumTest.Common.AbstractPage..ctor(ISearchContext wrapped)\r\n   at SeleniumTest.JustAnswer.Pages.HomePageIntegration..ctor(ISearchContext wrapped)\r\n   --- End of inner exception stack trace ---\r\n   at System.RuntimeMethodHandle.InvokeMethod(Object target, Object[] arguments, Signature sig, Boolean constructor)\r\n   at System.Reflection.RuntimeConstructorInfo.Invoke(BindingFlags invokeAttr, Binder binder, Object[] parameters, CultureInfo culture)\r\n   at System.RuntimeType.CreateInstanceImpl(BindingFlags bindingAttr, Binder binder, Object[] args, CultureInfo culture, Object[] activationAttributes, StackCrawlMark& stackMark)\r\n   at System.Activator.CreateInstance(Type type, BindingFlags bindingAttr, Binder binder, Object[] args, CultureInfo culture, Object[] activationAttributes)\r\n   at System.Activator.CreateInstance(Type type, Object[] args)\r\n   at HtmlElements.ObjectFactory.CreatePageObject(Type objecType, ISearchContext searchContext)\r\n   at HtmlElements.ElementActivator.Activate(Type type, ISearchContext context)\r\n   at HtmlElements.ElementActivator.Activate[T](ISearchContext context)\r\n   at SeleniumTest.Professional.Pages.AbstractProfessionalTestFixture.CustomerAskQuestionOnHybridAndExpertLogin()\r\n   at SeleniumTest.Professional.Tests.Sanity.PQALayoutTests.SetupCustomerAndExpert()\r\n   at System.Action.Invoke()\r\n   at SeleniumTest.Common.SeleniumNUnitTestFixture.SetUpMethod()\r\nWorker#5: SeleniumTest.Professional.Tests.Sanity.PQALayoutTests - SetUp failed \r\nSystem.Reflection.TargetInvocationException: Exception has been thrown by the target of an invocation. ---> System.TypeInitializationException: The type initializer for 'HtmlElements.ElementFactory' threw an exception. ---> System.IO.FileNotFoundException: Could not load file or assembly 'Castle.DynamicProxy2, Version=2.2.0.0, Culture=neutral, PublicKeyToken=407dd0808d44fbdc' or one of its dependencies. The system cannot find the file specified.\r\n   at HtmlElements.ElementFactory..cctor()\r\n   --- End of inner exception stack trace ---\r\n   at HtmlElements.ElementFactory.Create(Type type, IElementLocator locator, Boolean cache)\r\n   at HtmlElements.ElementActivator.ValueFor(MemberInfo memberInfo, ElementLocatorFactory locatorFactory)\r\n   at HtmlElements.ElementActivator.Activate(Object target, ISearchContext context)\r\n   at HtmlElements.Elements.HtmlPage..ctor(ISearchContext wrapped)\r\n   at SeleniumTest.Common.AbstractPage..ctor(ISearchContext wrapped)\r\n   at SeleniumTest.JustAnswer.Pages.HomePageIntegration..ctor(ISearchContext wrapped)\r\n   --- End of inner exception stack trace ---\r\n   at System.RuntimeMethodHandle.InvokeMethod(Object target, Object[] arguments, Signature sig, Boolean constructor)\r\n   at System.Reflection.RuntimeConstructorInfo.Invoke(BindingFlags invokeAttr, Binder binder, Object[] parameters, CultureInfo culture)\r\n   at System.RuntimeType.CreateInstanceImpl(BindingFlags bindingAttr, Binder binder, Object[] args, CultureInfo culture, Object[] activationAttributes, StackCrawlMark& stackMark)\r\n   at System.Activator.CreateInstance(Type type, BindingFlags bindingAttr, Binder binder, Object[] args, CultureInfo culture, Object[] activationAttributes)\r\n   at System.Activator.CreateInstance(Type type, Object[] args)\r\n   at HtmlElements.ObjectFactory.CreatePageObject(Type objecType, ISearchContext searchContext)\r\n   at HtmlElements.ElementActivator.Activate(Type type, ISearchContext context)\r\n   at HtmlElements.ElementActivator.Activate[T](ISearchContext context)\r\n   at SeleniumTest.Professional.Pages.AbstractProfessionalTestFixture.CustomerAskQuestionOnHybridAndExpertLogin()\r\n   at SeleniumTest.Professional.Tests.Sanity.PQALayoutTests.SetupCustomerAndExpert()\r\n   at System.Action.Invoke()\r\n   at SeleniumTest.Common.SeleniumNUnitTestFixture.SetUpMethod()\r\nWorker#5: SeleniumTest.Professional.Tests.Sanity.PQALayoutTests - invoking TearDown method ... \r\nWorker#5: SeleniumTest.Common.Scopes.ScopedRegistry`1[[SeleniumTest.Common.Browsers.AbstractBrowser, SeleniumTest, Version=1.0.0.0, Culture=neutral, PublicKeyToken=null]] - Disposing 3 instances of AbstractBrowser \r\n"
                        },
                        "images": {
                          "image": "test-output/0-1162_SeleniumTest_Professional_Tests_Sanity_PQALayoutTests_ShouldVerifyPQARateNegativelyPositively_TC1770_1_The_customer_has_given_a_negative_rat_1.png"
                        }
                      }
                    ]
                  }
                }
              }
            }
          }
        ]
      }
    }
  }
}